2026-03-31 14:49:07,304 - keyguard_backend - INFO - Loaded model from /Users/georgy/Documents/College/miniproject/KeyGuard/backend/models/random_forest_model.pkl
2026-03-31 14:49:07,306 - keyguard_backend - INFO - Loaded model from /Users/georgy/Documents/College/miniproject/KeyGuard/backend/models/one_class_svm_model.pkl
2026-03-31 14:49:07,306 - keyguard_backend - INFO - Loaded scaler from /Users/georgy/Documents/College/miniproject/KeyGuard/backend/models/scaler.pkl
2026-03-31 14:49:07,315 - keyguard_backend - INFO - Database tables created/verified
2026-03-31 14:49:40,778 - keyguard_backend - ERROR - HTTP Exception: 404 - User not found
2026-03-31 14:50:05,310 - keyguard_backend - INFO - Registered new user madabkadab
2026-03-31 14:50:21,876 - keyguard_backend - INFO - Training request for madabkadab with 43 keystrokes (round 1)
2026-03-31 14:50:21,883 - keyguard_backend - DEBUG - Extracted features: {'dwell_time': 123.62790697674419, 'flight_time': 90.02325581395348, 'key_press_rate': 4.753282028066998, 'key_release_interval': 83.80952380952381, 'typing_speed': 123.62790697674419}
2026-03-31 14:50:21,884 - keyguard_backend - DEBUG - ML Model Features - Dwells: 43, Flights: 42, Total: 31
2026-03-31 14:50:21,884 - keyguard_backend - DEBUG - Feature vector: [115.0, 58.0, 147.0, 90.0, 111.0, 146.0, 96.0, 151.0, 88.0, 47.0, 134.0, 62.0, 67.0, 120.0, 67.0, 153.0, 120.0, 175.0, 164.0, 166.0, 132.0, 110.0, 107.0, 119.0, 99.0, 117.0, 72.0, 108.0, 129.0, 120.0, 122.0]
2026-03-31 14:50:21,884 - keyguard_backend - INFO - Training with aggregated features: {'dwell_time': 123.62790697674419, 'flight_time': 90.02325581395348, 'key_press_rate': 4.753282028066998, 'key_release_interval': 83.80952380952381, 'typing_speed': 123.62790697674419}
2026-03-31 14:50:21,884 - keyguard_backend - INFO - Training with ML model features (count=31): [115.0, 58.0, 147.0, 90.0, 111.0, 146.0, 96.0, 151.0, 88.0, 47.0, 134.0, 62.0, 67.0, 120.0, 67.0, 153.0, 120.0, 175.0, 164.0, 166.0, 132.0, 110.0, 107.0, 119.0, 99.0, 117.0, 72.0, 108.0, 129.0, 120.0, 122.0]
2026-03-31 14:50:21,909 - keyguard_backend - INFO - Updated behavior profile for user madabkadab (round 1, trained_rounds=1)
2026-03-31 14:50:35,820 - keyguard_backend - INFO - Training request for madabkadab with 39 keystrokes (round 2)
2026-03-31 14:50:35,823 - keyguard_backend - DEBUG - Extracted features: {'dwell_time': 189.5897435897436, 'flight_time': 83.51282051282051, 'key_press_rate': 3.8410997675123824, 'key_release_interval': 65.76315789473684, 'typing_speed': 189.5897435897436}
2026-03-31 14:50:35,823 - keyguard_backend - DEBUG - ML Model Features - Dwells: 39, Flights: 38, Total: 31
2026-03-31 14:50:35,824 - keyguard_backend - DEBUG - Feature vector: [75.0, 125.0, 96.0, 124.0, 67.0, 173.0, 159.0, 101.0, 142.0, 171.0, 127.0, 79.0, 159.0, 168.0, 153.0, 136.0, 119.0, 110.0, 188.0, 192.0, 159.0, 102.0, 153.0, 153.0, 175.0, 799.0, 159.0, 648.0, 123.0, 119.0, 166.0]
2026-03-31 14:50:35,824 - keyguard_backend - INFO - Training with aggregated features: {'dwell_time': 189.5897435897436, 'flight_time': 83.51282051282051, 'key_press_rate': 3.8410997675123824, 'key_release_interval': 65.76315789473684, 'typing_speed': 189.5897435897436}
2026-03-31 14:50:35,824 - keyguard_backend - INFO - Training with ML model features (count=31): [75.0, 125.0, 96.0, 124.0, 67.0, 173.0, 159.0, 101.0, 142.0, 171.0, 127.0, 79.0, 159.0, 168.0, 153.0, 136.0, 119.0, 110.0, 188.0, 192.0, 159.0, 102.0, 153.0, 153.0, 175.0, 799.0, 159.0, 648.0, 123.0, 119.0, 166.0]
2026-03-31 14:50:35,844 - keyguard_backend - INFO - Updated behavior profile for user madabkadab (round 2, trained_rounds=2)
2026-03-31 14:50:47,369 - keyguard_backend - INFO - Training request for madabkadab with 39 keystrokes (round 3)
2026-03-31 14:50:47,371 - keyguard_backend - DEBUG - Extracted features: {'dwell_time': 131.15384615384616, 'flight_time': 73.66666666666667, 'key_press_rate': 5.081572612998128, 'key_release_interval': 62.18421052631579, 'typing_speed': 131.15384615384616}
2026-03-31 14:50:47,372 - keyguard_backend - DEBUG - ML Model Features - Dwells: 39, Flights: 38, Total: 31
2026-03-31 14:50:47,372 - keyguard_backend - DEBUG - Feature vector: [101.0, 105.0, 67.0, 147.0, 99.0, 282.0, 128.0, 110.0, 89.0, 95.0, 157.0, 96.0, 122.0, 87.0, 74.0, 143.0, 143.0, 144.0, 91.0, 208.0, 118.0, 88.0, 118.0, 93.0, 126.0, 123.0, 114.0, 114.0, 129.0, 183.0, 156.0]
2026-03-31 14:50:47,372 - keyguard_backend - INFO - Training with aggregated features: {'dwell_time': 131.15384615384616, 'flight_time': 73.66666666666667, 'key_press_rate': 5.081572612998128, 'key_release_interval': 62.18421052631579, 'typing_speed': 131.15384615384616}
2026-03-31 14:50:47,372 - keyguard_backend - INFO - Training with ML model features (count=31): [101.0, 105.0, 67.0, 147.0, 99.0, 282.0, 128.0, 110.0, 89.0, 95.0, 157.0, 96.0, 122.0, 87.0, 74.0, 143.0, 143.0, 144.0, 91.0, 208.0, 118.0, 88.0, 118.0, 93.0, 126.0, 123.0, 114.0, 114.0, 129.0, 183.0, 156.0]
2026-03-31 14:50:47,393 - keyguard_backend - INFO - Updated behavior profile for user madabkadab (round 3, trained_rounds=3)
2026-03-31 14:51:01,720 - keyguard_backend - INFO - Training request for madabkadab with 45 keystrokes (round 4)
2026-03-31 14:51:01,723 - keyguard_backend - DEBUG - Extracted features: {'dwell_time': 164.11111111111111, 'flight_time': 87.42222222222222, 'key_press_rate': 4.342676667982629, 'key_release_interval': 62.43181818181818, 'typing_speed': 164.11111111111111}
2026-03-31 14:51:01,723 - keyguard_backend - DEBUG - ML Model Features - Dwells: 45, Flights: 44, Total: 31
2026-03-31 14:51:01,723 - keyguard_backend - DEBUG - Feature vector: [109.0, 198.0, 146.0, 104.0, 178.0, 148.0, 143.0, 72.0, 132.0, 140.0, 110.0, 70.0, 50.0, 659.0, 151.0, 88.0, 172.0, 184.0, 195.0, 164.0, 105.0, 136.0, 100.0, 119.0, 117.0, 173.0, 156.0, 108.0, 108.0, 73.0, 114.0]
2026-03-31 14:51:01,723 - keyguard_backend - INFO - Training with aggregated features: {'dwell_time': 164.11111111111111, 'flight_time': 87.42222222222222, 'key_press_rate': 4.342676667982629, 'key_release_interval': 62.43181818181818, 'typing_speed': 164.11111111111111}
2026-03-31 14:51:01,723 - keyguard_backend - INFO - Training with ML model features (count=31): [109.0, 198.0, 146.0, 104.0, 178.0, 148.0, 143.0, 72.0, 132.0, 140.0, 110.0, 70.0, 50.0, 659.0, 151.0, 88.0, 172.0, 184.0, 195.0, 164.0, 105.0, 136.0, 100.0, 119.0, 117.0, 173.0, 156.0, 108.0, 108.0, 73.0, 114.0]
2026-03-31 14:51:01,745 - keyguard_backend - INFO - Updated behavior profile for user madabkadab (round 4, trained_rounds=4)
2026-03-31 14:51:12,544 - keyguard_backend - INFO - Training request for madabkadab with 38 keystrokes (round 5)
2026-03-31 14:51:12,548 - keyguard_backend - DEBUG - Extracted features: {'dwell_time': 146.3684210526316, 'flight_time': 56.28947368421053, 'key_press_rate': 5.315328257434277, 'key_release_interval': 37.810810810810814, 'typing_speed': 146.3684210526316}
2026-03-31 14:51:12,548 - keyguard_backend - DEBUG - ML Model Features - Dwells: 38, Flights: 37, Total: 31
2026-03-31 14:51:12,548 - keyguard_backend - DEBUG - Feature vector: [156.0, 136.0, 102.0, 98.0, 241.0, 151.0, 130.0, 154.0, 151.0, 189.0, 187.0, 155.0, 135.0, 123.0, 120.0, 141.0, 104.0, 82.0, 153.0, 130.0, 162.0, 186.0, 139.0, 269.0, 138.0, 96.0, 136.0, 87.0, 96.0, 127.0, 148.0]
2026-03-31 14:51:12,548 - keyguard_backend - INFO - Training with aggregated features: {'dwell_time': 146.3684210526316, 'flight_time': 56.28947368421053, 'key_press_rate': 5.315328257434277, 'key_release_interval': 37.810810810810814, 'typing_speed': 146.3684210526316}
2026-03-31 14:51:12,548 - keyguard_backend - INFO - Training with ML model features (count=31): [156.0, 136.0, 102.0, 98.0, 241.0, 151.0, 130.0, 154.0, 151.0, 189.0, 187.0, 155.0, 135.0, 123.0, 120.0, 141.0, 104.0, 82.0, 153.0, 130.0, 162.0, 186.0, 139.0, 269.0, 138.0, 96.0, 136.0, 87.0, 96.0, 127.0, 148.0]
2026-03-31 14:51:12,567 - keyguard_backend - INFO - Updated behavior profile for user madabkadab (round 5, trained_rounds=5)
2026-03-31 14:51:26,924 - keyguard_backend - INFO - Training request for madabkadab with 41 keystrokes (round 6)
2026-03-31 14:51:26,926 - keyguard_backend - DEBUG - Extracted features: {'dwell_time': 162.41463414634146, 'flight_time': 76.3170731707317, 'key_press_rate': 4.404316229905307, 'key_release_interval': 60.575, 'typing_speed': 162.41463414634146}
2026-03-31 14:51:26,927 - keyguard_backend - DEBUG - ML Model Features - Dwells: 41, Flights: 40, Total: 31
2026-03-31 14:51:26,927 - keyguard_backend - DEBUG - Feature vector: [146.0, 119.0, 124.0, 99.0, 111.0, 159.0, 142.0, 123.0, 80.0, 127.0, 95.0, 149.0, 199.0, 260.0, 171.0, 185.0, 38.0, 205.0, 168.0, 132.0, 521.0, 115.0, 133.0, 198.0, 183.0, 128.0, 140.0, 99.0, 83.0, 100.0, 170.0]
2026-03-31 14:51:26,927 - keyguard_backend - INFO - Training with aggregated features: {'dwell_time': 162.41463414634146, 'flight_time': 76.3170731707317, 'key_press_rate': 4.404316229905307, 'key_release_interval': 60.575, 'typing_speed': 162.41463414634146}
2026-03-31 14:51:26,927 - keyguard_backend - INFO - Training with ML model features (count=31): [146.0, 119.0, 124.0, 99.0, 111.0, 159.0, 142.0, 123.0, 80.0, 127.0, 95.0, 149.0, 199.0, 260.0, 171.0, 185.0, 38.0, 205.0, 168.0, 132.0, 521.0, 115.0, 133.0, 198.0, 183.0, 128.0, 140.0, 99.0, 83.0, 100.0, 170.0]
2026-03-31 14:51:26,949 - keyguard_backend - INFO - Updated behavior profile for user madabkadab (round 6, trained_rounds=6)
2026-03-31 14:51:45,772 - keyguard_backend - INFO - Training request for madabkadab with 45 keystrokes (round 7)
2026-03-31 14:51:45,775 - keyguard_backend - DEBUG - Extracted features: {'dwell_time': 153.95555555555555, 'flight_time': 216.24444444444444, 'key_press_rate': 2.8063014222845846, 'key_release_interval': 198.88636363636363, 'typing_speed': 153.95555555555555}
2026-03-31 14:51:45,775 - keyguard_backend - DEBUG - ML Model Features - Dwells: 45, Flights: 44, Total: 31
2026-03-31 14:51:45,775 - keyguard_backend - DEBUG - Feature vector: [155.0, 132.0, 61.0, 157.0, 135.0, 131.0, 190.0, 174.0, 261.0, 109.0, 24.0, 123.0, 80.0, 47.0, 97.0, 136.0, 180.0, 160.0, 143.0, 122.0, 840.0, 119.0, 131.0, 47.0, 93.0, 130.0, 141.0, 162.0, 107.0, 171.0, 136.0]
2026-03-31 14:51:45,775 - keyguard_backend - INFO - Training with aggregated features: {'dwell_time': 153.95555555555555, 'flight_time': 216.24444444444444, 'key_press_rate': 2.8063014222845846, 'key_release_interval': 198.88636363636363, 'typing_speed': 153.95555555555555}
2026-03-31 14:51:45,775 - keyguard_backend - INFO - Training with ML model features (count=31): [155.0, 132.0, 61.0, 157.0, 135.0, 131.0, 190.0, 174.0, 261.0, 109.0, 24.0, 123.0, 80.0, 47.0, 97.0, 136.0, 180.0, 160.0, 143.0, 122.0, 840.0, 119.0, 131.0, 47.0, 93.0, 130.0, 141.0, 162.0, 107.0, 171.0, 136.0]
2026-03-31 14:51:45,798 - keyguard_backend - INFO - Updated behavior profile for user madabkadab (round 7, trained_rounds=7)
2026-03-31 14:51:56,039 - keyguard_backend - INFO - Training request for madabkadab with 38 keystrokes (round 8)
2026-03-31 14:51:56,042 - keyguard_backend - DEBUG - Extracted features: {'dwell_time': 162.28947368421052, 'flight_time': 42.76315789473684, 'key_press_rate': 5.303899082568807, 'key_release_interval': 21.864864864864863, 'typing_speed': 162.28947368421052}
2026-03-31 14:51:56,042 - keyguard_backend - DEBUG - ML Model Features - Dwells: 38, Flights: 37, Total: 31
2026-03-31 14:51:56,042 - keyguard_backend - DEBUG - Feature vector: [88.0, 140.0, 136.0, 100.0, 111.0, 135.0, 148.0, 114.0, 257.0, 123.0, 126.0, 108.0, 144.0, 132.0, 131.0, 110.0, 133.0, 191.0, 159.0, 169.0, 634.0, 109.0, 95.0, 227.0, 134.0, 120.0, 135.0, 132.0, 144.0, 120.0, 230.0]
2026-03-31 14:51:56,042 - keyguard_backend - INFO - Training with aggregated features: {'dwell_time': 162.28947368421052, 'flight_time': 42.76315789473684, 'key_press_rate': 5.303899082568807, 'key_release_interval': 21.864864864864863, 'typing_speed': 162.28947368421052}
2026-03-31 14:51:56,042 - keyguard_backend - INFO - Training with ML model features (count=31): [88.0, 140.0, 136.0, 100.0, 111.0, 135.0, 148.0, 114.0, 257.0, 123.0, 126.0, 108.0, 144.0, 132.0, 131.0, 110.0, 133.0, 191.0, 159.0, 169.0, 634.0, 109.0, 95.0, 227.0, 134.0, 120.0, 135.0, 132.0, 144.0, 120.0, 230.0]
2026-03-31 14:51:56,065 - keyguard_backend - INFO - Updated behavior profile for user madabkadab (round 8, trained_rounds=8)
2026-03-31 14:52:08,356 - keyguard_backend - INFO - Training request for madabkadab with 51 keystrokes (round 9)
2026-03-31 14:52:08,359 - keyguard_backend - DEBUG - Extracted features: {'dwell_time': 139.2156862745098, 'flight_time': 67.19607843137256, 'key_press_rate': 5.259835893120134, 'key_release_interval': 48.12, 'typing_speed': 139.2156862745098}
2026-03-31 14:52:08,359 - keyguard_backend - DEBUG - ML Model Features - Dwells: 51, Flights: 50, Total: 31
2026-03-31 14:52:08,359 - keyguard_backend - DEBUG - Feature vector: [127.0, 149.0, 228.0, 122.0, 146.0, 58.0, 104.0, 156.0, 123.0, 167.0, 106.0, 192.0, 180.0, 143.0, 135.0, 100.0, 163.0, 152.0, 127.0, 124.0, 116.0, 67.0, 124.0, 115.0, 196.0, 120.0, 83.0, 203.0, 132.0, 79.0, 116.0]
2026-03-31 14:52:08,359 - keyguard_backend - INFO - Training with aggregated features: {'dwell_time': 139.2156862745098, 'flight_time': 67.19607843137256, 'key_press_rate': 5.259835893120134, 'key_release_interval': 48.12, 'typing_speed': 139.2156862745098}
2026-03-31 14:52:08,359 - keyguard_backend - INFO - Training with ML model features (count=31): [127.0, 149.0, 228.0, 122.0, 146.0, 58.0, 104.0, 156.0, 123.0, 167.0, 106.0, 192.0, 180.0, 143.0, 135.0, 100.0, 163.0, 152.0, 127.0, 124.0, 116.0, 67.0, 124.0, 115.0, 196.0, 120.0, 83.0, 203.0, 132.0, 79.0, 116.0]
2026-03-31 14:52:08,380 - keyguard_backend - INFO - Updated behavior profile for user madabkadab (round 9, trained_rounds=9)
2026-03-31 14:52:21,487 - keyguard_backend - INFO - Training request for madabkadab with 32 keystrokes (round 10)
2026-03-31 14:52:21,490 - keyguard_backend - DEBUG - Extracted features: {'dwell_time': 195.3125, 'flight_time': 100.78125, 'key_press_rate': 3.5574936883176496, 'key_release_interval': 79.48387096774194, 'typing_speed': 195.3125}
2026-03-31 14:52:21,490 - keyguard_backend - DEBUG - ML Model Features - Dwells: 32, Flights: 31, Total: 31
2026-03-31 14:52:21,490 - keyguard_backend - DEBUG - Feature vector: [171.0, 63.0, 98.0, 108.0, 108.0, 581.0, 454.0, 94.0, 101.0, 136.0, 136.0, 438.0, 168.0, 122.0, 131.0, 143.0, 108.0, 184.0, 218.0, 195.0, 116.0, 108.0, 101.0, 95.0, 63.0, 838.0, 124.0, 95.0, 128.0, 231.0, 171.0]
2026-03-31 14:52:21,490 - keyguard_backend - INFO - Training with aggregated features: {'dwell_time': 195.3125, 'flight_time': 100.78125, 'key_press_rate': 3.5574936883176496, 'key_release_interval': 79.48387096774194, 'typing_speed': 195.3125}
2026-03-31 14:52:21,490 - keyguard_backend - INFO - Training with ML model features (count=31): [171.0, 63.0, 98.0, 108.0, 108.0, 581.0, 454.0, 94.0, 101.0, 136.0, 136.0, 438.0, 168.0, 122.0, 131.0, 143.0, 108.0, 184.0, 218.0, 195.0, 116.0, 108.0, 101.0, 95.0, 63.0, 838.0, 124.0, 95.0, 128.0, 231.0, 171.0]
2026-03-31 14:52:21,523 - keyguard_backend - INFO - Updated behavior profile for user madabkadab (round 10, trained_rounds=10)
2026-03-31 14:52:32,671 - keyguard_backend - INFO - Prediction request from madabkadab with 16 keystrokes (test: None)
2026-03-31 14:52:32,676 - keyguard_backend - DEBUG - Extracted features: {'dwell_time': 145.1875, 'flight_time': 34.5, 'key_press_rate': 5.807200929152148, 'key_release_interval': 17.333333333333332, 'typing_speed': 145.1875}
2026-03-31 14:52:32,677 - keyguard_backend - DEBUG - ML Model Features - Dwells: 16, Flights: 15, Total: 31
2026-03-31 14:52:32,677 - keyguard_backend - DEBUG - Feature vector: [119.0, 129.0, 137.0, 91.0, 146.0, 99.0, 146.0, 268.0, 190.0, 105.0, 137.0, 127.0, 221.0, 179.0, 91.0, 138.0, 88.0, 0.0, 0.0, 145.0, 0.0, 90.0, 0.0, 0.0, 0.0, 90.0, 0.0, 12.0, 0.0, 4.0, 123.0]
2026-03-31 14:52:32,677 - keyguard_backend - DEBUG - Aggregated features: {'dwell_time': 145.1875, 'flight_time': 34.5, 'key_press_rate': 5.807200929152148, 'key_release_interval': 17.333333333333332, 'typing_speed': 145.1875}
2026-03-31 14:52:32,677 - keyguard_backend - DEBUG - ML model features (count=31): [119.0, 129.0, 137.0, 91.0, 146.0, 99.0, 146.0, 268.0, 190.0, 105.0, 137.0, 127.0, 221.0, 179.0, 91.0, 138.0, 88.0, 0.0, 0.0, 145.0, 0.0, 90.0, 0.0, 0.0, 0.0, 90.0, 0.0, 12.0, 0.0, 4.0, 123.0]
2026-03-31 14:52:32,719 - keyguard_backend - DEBUG - RF Prediction: 37, Confidence: 0.14465079365079364
2026-03-31 14:52:32,719 - keyguard_backend - DEBUG - SVM Prediction: -1, Decision Score: -2.824021236871456
2026-03-31 14:52:32,719 - keyguard_backend - INFO - Prediction result for madabkadab: SUSPICIOUS (0.82)
2026-03-31 14:52:42,559 - keyguard_backend - INFO - Prediction request from madabkadab with 16 keystrokes (test: None)
2026-03-31 14:52:42,562 - keyguard_backend - DEBUG - Extracted features: {'dwell_time': 183.9375, 'flight_time': 62.5625, 'key_press_rate': 4.588559192413582, 'key_release_interval': 21.733333333333334, 'typing_speed': 183.9375}
2026-03-31 14:52:42,563 - keyguard_backend - DEBUG - ML Model Features - Dwells: 16, Flights: 15, Total: 31
2026-03-31 14:52:42,563 - keyguard_backend - DEBUG - Feature vector: [107.0, 570.0, 463.0, 164.0, 134.0, 119.0, 159.0, 164.0, 145.0, 119.0, 113.0, 147.0, 106.0, 139.0, 179.0, 115.0, 61.0, 0.0, 100.0, 0.0, 0.0, 0.0, 0.0, 0.0, 53.0, 47.0, 190.0, 0.0, 138.0, 72.0, 340.0]
2026-03-31 14:52:42,563 - keyguard_backend - DEBUG - Aggregated features: {'dwell_time': 183.9375, 'flight_time': 62.5625, 'key_press_rate': 4.588559192413582, 'key_release_interval': 21.733333333333334, 'typing_speed': 183.9375}
2026-03-31 14:52:42,563 - keyguard_backend - DEBUG - ML model features (count=31): [107.0, 570.0, 463.0, 164.0, 134.0, 119.0, 159.0, 164.0, 145.0, 119.0, 113.0, 147.0, 106.0, 139.0, 179.0, 115.0, 61.0, 0.0, 100.0, 0.0, 0.0, 0.0, 0.0, 0.0, 53.0, 47.0, 190.0, 0.0, 138.0, 72.0, 340.0]
2026-03-31 14:52:42,599 - keyguard_backend - DEBUG - RF Prediction: 82, Confidence: 0.1510357142857143
2026-03-31 14:52:42,599 - keyguard_backend - DEBUG - SVM Prediction: -1, Decision Score: -2.9885243968613024
2026-03-31 14:52:42,599 - keyguard_backend - INFO - Prediction result for madabkadab: SUSPICIOUS (0.80)
2026-03-31 14:52:45,928 - keyguard_backend - INFO - Prediction request from madabkadab with 16 keystrokes (test: None)
2026-03-31 14:52:45,931 - keyguard_backend - DEBUG - Extracted features: {'dwell_time': 154.1875, 'flight_time': 256.9375, 'key_press_rate': 2.356637863315004, 'key_release_interval': 259.8666666666667, 'typing_speed': 154.1875}
2026-03-31 14:52:45,932 - keyguard_backend - DEBUG - ML Model Features - Dwells: 16, Flights: 15, Total: 31
2026-03-31 14:52:45,932 - keyguard_backend - DEBUG - Feature vector: [463.0, 164.0, 134.0, 119.0, 159.0, 164.0, 145.0, 119.0, 113.0, 147.0, 106.0, 139.0, 179.0, 115.0, 123.0, 78.0, 100.0, 0.0, 0.0, 0.0, 0.0, 0.0, 53.0, 47.0, 190.0, 0.0, 138.0, 72.0, 340.0, 3041.0, 130.0]
2026-03-31 14:52:45,932 - keyguard_backend - DEBUG - Aggregated features: {'dwell_time': 154.1875, 'flight_time': 256.9375, 'key_press_rate': 2.356637863315004, 'key_release_interval': 259.8666666666667, 'typing_speed': 154.1875}
2026-03-31 14:52:45,932 - keyguard_backend - DEBUG - ML model features (count=31): [463.0, 164.0, 134.0, 119.0, 159.0, 164.0, 145.0, 119.0, 113.0, 147.0, 106.0, 139.0, 179.0, 115.0, 123.0, 78.0, 100.0, 0.0, 0.0, 0.0, 0.0, 0.0, 53.0, 47.0, 190.0, 0.0, 138.0, 72.0, 340.0, 3041.0, 130.0]
2026-03-31 14:52:45,969 - keyguard_backend - DEBUG - RF Prediction: 130, Confidence: 0.10966666666666665
2026-03-31 14:52:45,969 - keyguard_backend - DEBUG - SVM Prediction: -1, Decision Score: -2.9925635480291324
2026-03-31 14:52:45,972 - keyguard_backend - INFO - Prediction result for madabkadab: INTRUDER (0.99)
2026-03-31 14:52:48,607 - keyguard_backend - INFO - Prediction request from madabkadab with 16 keystrokes (test: None)
2026-03-31 14:52:48,610 - keyguard_backend - DEBUG - Extracted features: {'dwell_time': 129.6875, 'flight_time': 388.875, 'key_press_rate': 1.841620626151013, 'key_release_interval': 404.6666666666667, 'typing_speed': 129.6875}
2026-03-31 14:52:48,610 - keyguard_backend - DEBUG - ML Model Features - Dwells: 16, Flights: 15, Total: 31
2026-03-31 14:52:48,610 - keyguard_backend - DEBUG - Feature vector: [159.0, 164.0, 145.0, 119.0, 113.0, 147.0, 106.0, 139.0, 179.0, 115.0, 123.0, 78.0, 112.0, 149.0, 148.0, 79.0, 0.0, 0.0, 53.0, 47.0, 190.0, 0.0, 138.0, 72.0, 340.0, 3041.0, 130.0, 1909.0, 0.0, 253.0, 49.0]
2026-03-31 14:52:48,610 - keyguard_backend - DEBUG - Aggregated features: {'dwell_time': 129.6875, 'flight_time': 388.875, 'key_press_rate': 1.841620626151013, 'key_release_interval': 404.6666666666667, 'typing_speed': 129.6875}
2026-03-31 14:52:48,610 - keyguard_backend - DEBUG - ML model features (count=31): [159.0, 164.0, 145.0, 119.0, 113.0, 147.0, 106.0, 139.0, 179.0, 115.0, 123.0, 78.0, 112.0, 149.0, 148.0, 79.0, 0.0, 0.0, 53.0, 47.0, 190.0, 0.0, 138.0, 72.0, 340.0, 3041.0, 130.0, 1909.0, 0.0, 253.0, 49.0]
2026-03-31 14:52:48,649 - keyguard_backend - DEBUG - RF Prediction: 130, Confidence: 0.09474999999999997
2026-03-31 14:52:48,649 - keyguard_backend - DEBUG - SVM Prediction: -1, Decision Score: -2.9898053116274483
2026-03-31 14:52:48,651 - keyguard_backend - INFO - Prediction result for madabkadab: INTRUDER (0.99)
2026-03-31 14:53:15,561 - keyguard_backend - INFO - Prediction request from madabkadab with 16 keystrokes (test: None)
2026-03-31 14:53:15,565 - keyguard_backend - DEBUG - Removing keystroke with anomalous dwell time: 2446.0ms
2026-03-31 14:53:15,565 - keyguard_backend - DEBUG - Extracted features: {'dwell_time': 130.2, 'flight_time': 68.46666666666667, 'key_press_rate': 4.983980064079743, 'key_release_interval': 61.142857142857146, 'typing_speed': 130.2}
2026-03-31 14:53:15,566 - keyguard_backend - DEBUG - ML Model Features - Dwells: 15, Flights: 14, Total: 31
2026-03-31 14:53:15,566 - keyguard_backend - DEBUG - Feature vector: [104.0, 130.0, 132.0, 108.0, 149.0, 128.0, 166.0, 114.0, 132.0, 122.0, 131.0, 197.0, 136.0, 124.0, 80.0, 98.0, 0.0, 0.0, 237.0, 15.0, 65.0, 0.0, 0.0, 107.0, 128.0, 38.0, 0.0, 54.0, 285.0, 102.75862068965517, 102.75862068965517]
2026-03-31 14:53:15,566 - keyguard_backend - DEBUG - Aggregated features: {'dwell_time': 130.2, 'flight_time': 68.46666666666667, 'key_press_rate': 4.983980064079743, 'key_release_interval': 61.142857142857146, 'typing_speed': 130.2}
2026-03-31 14:53:15,566 - keyguard_backend - DEBUG - ML model features (count=31): [104.0, 130.0, 132.0, 108.0, 149.0, 128.0, 166.0, 114.0, 132.0, 122.0, 131.0, 197.0, 136.0, 124.0, 80.0, 98.0, 0.0, 0.0, 237.0, 15.0, 65.0, 0.0, 0.0, 107.0, 128.0, 38.0, 0.0, 54.0, 285.0, 102.75862068965517, 102.75862068965517]
2026-03-31 14:53:15,603 - keyguard_backend - DEBUG - RF Prediction: 9, Confidence: 0.13197619047619047
2026-03-31 14:53:15,603 - keyguard_backend - DEBUG - SVM Prediction: -1, Decision Score: -2.910393966019556
2026-03-31 14:53:15,603 - keyguard_backend - INFO - Prediction result for madabkadab: SUSPICIOUS (0.85)
2026-03-31 14:53:18,141 - keyguard_backend - INFO - Prediction request from madabkadab with 16 keystrokes (test: None)
2026-03-31 14:53:18,145 - keyguard_backend - DEBUG - Removing keystroke with anomalous dwell time: 2446.0ms
2026-03-31 14:53:18,146 - keyguard_backend - DEBUG - Extracted features: {'dwell_time': 131.53333333333333, 'flight_time': 225.8, 'key_press_rate': 2.6980150317980343, 'key_release_interval': 229.71428571428572, 'typing_speed': 131.53333333333333}
2026-03-31 14:53:18,146 - keyguard_backend - DEBUG - ML Model Features - Dwells: 15, Flights: 14, Total: 31
2026-03-31 14:53:18,146 - keyguard_backend - DEBUG - Feature vector: [130.0, 132.0, 108.0, 149.0, 128.0, 166.0, 114.0, 132.0, 122.0, 131.0, 197.0, 136.0, 124.0, 80.0, 124.0, 0.0, 0.0, 237.0, 15.0, 65.0, 0.0, 0.0, 107.0, 128.0, 38.0, 0.0, 54.0, 285.0, 2458.0, 184.82758620689654, 184.82758620689654]
2026-03-31 14:53:18,146 - keyguard_backend - DEBUG - Aggregated features: {'dwell_time': 131.53333333333333, 'flight_time': 225.8, 'key_press_rate': 2.6980150317980343, 'key_release_interval': 229.71428571428572, 'typing_speed': 131.53333333333333}
2026-03-31 14:53:18,146 - keyguard_backend - DEBUG - ML model features (count=31): [130.0, 132.0, 108.0, 149.0, 128.0, 166.0, 114.0, 132.0, 122.0, 131.0, 197.0, 136.0, 124.0, 80.0, 124.0, 0.0, 0.0, 237.0, 15.0, 65.0, 0.0, 0.0, 107.0, 128.0, 38.0, 0.0, 54.0, 285.0, 2458.0, 184.82758620689654, 184.82758620689654]
2026-03-31 14:53:18,183 - keyguard_backend - DEBUG - RF Prediction: 82, Confidence: 0.1225
2026-03-31 14:53:18,183 - keyguard_backend - DEBUG - SVM Prediction: -1, Decision Score: -2.992708314132614
2026-03-31 14:53:18,185 - keyguard_backend - INFO - Prediction result for madabkadab: INTRUDER (0.99)
2026-03-31 15:04:23,854 - keyguard_backend - ERROR - HTTP Exception: 401 - Invalid credentials
2026-03-31 15:04:25,757 - keyguard_backend - INFO - User madabkadab logged in
2026-03-31 15:04:41,577 - keyguard_backend - INFO - Prediction request from madabkadab with 16 keystrokes (test: None)
2026-03-31 15:04:41,583 - keyguard_backend - DEBUG - Extracted features: {'dwell_time': 135.0, 'flight_time': 53.5, 'key_press_rate': 5.749329244921426, 'key_release_interval': 29.933333333333334, 'typing_speed': 135.0}
2026-03-31 15:04:41,583 - keyguard_backend - DEBUG - ML Model Features - Dwells: 16, Flights: 15, Total: 31
2026-03-31 15:04:41,583 - keyguard_backend - DEBUG - Feature vector: [161.0, 43.0, 137.0, 168.0, 141.0, 136.0, 122.0, 143.0, 116.0, 190.0, 128.0, 74.0, 159.0, 123.0, 204.0, 115.0, 53.0, 273.0, 0.0, 0.0, 19.0, 0.0, 67.0, 27.0, 0.0, 260.0, 86.0, 71.0, 0.0, 0.0, 0.0]
2026-03-31 15:04:41,583 - keyguard_backend - DEBUG - Aggregated features: {'dwell_time': 135.0, 'flight_time': 53.5, 'key_press_rate': 5.749329244921426, 'key_release_interval': 29.933333333333334, 'typing_speed': 135.0}
2026-03-31 15:04:41,583 - keyguard_backend - DEBUG - ML model features (count=31): [161.0, 43.0, 137.0, 168.0, 141.0, 136.0, 122.0, 143.0, 116.0, 190.0, 128.0, 74.0, 159.0, 123.0, 204.0, 115.0, 53.0, 273.0, 0.0, 0.0, 19.0, 0.0, 67.0, 27.0, 0.0, 260.0, 86.0, 71.0, 0.0, 0.0, 0.0]
2026-03-31 15:04:41,634 - keyguard_backend - DEBUG - RF Prediction: 15, Confidence: 0.09119047619047618
2026-03-31 15:04:41,634 - keyguard_backend - DEBUG - SVM Prediction: -1, Decision Score: -2.60423350536565
2026-03-31 15:04:41,634 - keyguard_backend - INFO - Prediction result for madabkadab: SUSPICIOUS (0.82)
2026-03-31 15:04:43,876 - keyguard_backend - INFO - Prediction request from madabkadab with 16 keystrokes (test: None)
2026-03-31 15:04:43,879 - keyguard_backend - DEBUG - Extracted features: {'dwell_time': 127.875, 'flight_time': 113.875, 'key_press_rate': 4.124278251306022, 'key_release_interval': 106.06666666666666, 'typing_speed': 127.875}
2026-03-31 15:04:43,880 - keyguard_backend - DEBUG - ML Model Features - Dwells: 16, Flights: 15, Total: 31
2026-03-31 15:04:43,880 - keyguard_backend - DEBUG - Feature vector: [116.0, 190.0, 128.0, 74.0, 159.0, 123.0, 204.0, 115.0, 149.0, 117.0, 124.0, 140.0, 198.0, 110.0, 67.0, 32.0, 0.0, 260.0, 86.0, 71.0, 0.0, 0.0, 0.0, 907.0, 130.0, 157.0, 129.0, 0.0, 3.0, 64.0, 15.0]
2026-03-31 15:04:43,880 - keyguard_backend - DEBUG - Aggregated features: {'dwell_time': 127.875, 'flight_time': 113.875, 'key_press_rate': 4.124278251306022, 'key_release_interval': 106.06666666666666, 'typing_speed': 127.875}
2026-03-31 15:04:43,880 - keyguard_backend - DEBUG - ML model features (count=31): [116.0, 190.0, 128.0, 74.0, 159.0, 123.0, 204.0, 115.0, 149.0, 117.0, 124.0, 140.0, 198.0, 110.0, 67.0, 32.0, 0.0, 260.0, 86.0, 71.0, 0.0, 0.0, 0.0, 907.0, 130.0, 157.0, 129.0, 0.0, 3.0, 64.0, 15.0]
2026-03-31 15:04:43,918 - keyguard_backend - DEBUG - RF Prediction: 37, Confidence: 0.12326811594202898
2026-03-31 15:04:43,918 - keyguard_backend - DEBUG - SVM Prediction: -1, Decision Score: -2.8416150137313334
2026-03-31 15:04:43,918 - keyguard_backend - INFO - Prediction result for madabkadab: SUSPICIOUS (0.81)
2026-03-31 15:04:50,253 - keyguard_backend - INFO - Prediction request from madabkadab with 16 keystrokes (test: None)
2026-03-31 15:04:50,256 - keyguard_backend - DEBUG - Extracted features: {'dwell_time': 136.5625, 'flight_time': 94.25, 'key_press_rate': 4.440497335701599, 'key_release_interval': 79.53333333333333, 'typing_speed': 136.5625}
2026-03-31 15:04:50,256 - keyguard_backend - DEBUG - ML Model Features - Dwells: 16, Flights: 15, Total: 31
2026-03-31 15:04:50,256 - keyguard_backend - DEBUG - Feature vector: [137.0, 94.0, 216.0, 74.0, 111.0, 124.0, 186.0, 171.0, 139.0, 139.0, 140.0, 160.0, 149.0, 90.0, 112.0, 143.0, 64.0, 0.0, 0.0, 0.0, 460.0, 38.0, 0.0, 0.0, 129.0, 0.0, 192.0, 0.0, 115.0, 0.0, 510.0]
2026-03-31 15:04:50,256 - keyguard_backend - DEBUG - Aggregated features: {'dwell_time': 136.5625, 'flight_time': 94.25, 'key_press_rate': 4.440497335701599, 'key_release_interval': 79.53333333333333, 'typing_speed': 136.5625}
2026-03-31 15:04:50,256 - keyguard_backend - DEBUG - ML model features (count=31): [137.0, 94.0, 216.0, 74.0, 111.0, 124.0, 186.0, 171.0, 139.0, 139.0, 140.0, 160.0, 149.0, 90.0, 112.0, 143.0, 64.0, 0.0, 0.0, 0.0, 460.0, 38.0, 0.0, 0.0, 129.0, 0.0, 192.0, 0.0, 115.0, 0.0, 510.0]
2026-03-31 15:04:50,291 - keyguard_backend - DEBUG - RF Prediction: 37, Confidence: 0.17476190476190476
2026-03-31 15:04:50,291 - keyguard_backend - DEBUG - SVM Prediction: -1, Decision Score: -2.9903770324196057
2026-03-31 15:04:50,291 - keyguard_backend - INFO - Prediction result for madabkadab: SUSPICIOUS (0.90)
2026-03-31 15:04:51,194 - keyguard_backend - INFO - Prediction request from madabkadab with 16 keystrokes (test: None)
2026-03-31 15:04:51,195 - keyguard_backend - DEBUG - Extracted features: {'dwell_time': 137.5, 'flight_time': 139.9375, 'key_press_rate': 3.6372453928225026, 'key_release_interval': 128.26666666666668, 'typing_speed': 137.5}
2026-03-31 15:04:51,195 - keyguard_backend - DEBUG - ML Model Features - Dwells: 16, Flights: 15, Total: 31
2026-03-31 15:04:51,195 - keyguard_backend - DEBUG - Feature vector: [94.0, 216.0, 74.0, 111.0, 124.0, 186.0, 171.0, 139.0, 139.0, 140.0, 160.0, 149.0, 90.0, 112.0, 143.0, 152.0, 0.0, 0.0, 0.0, 460.0, 38.0, 0.0, 0.0, 129.0, 0.0, 192.0, 0.0, 115.0, 0.0, 510.0, 795.0]
2026-03-31 15:04:51,195 - keyguard_backend - DEBUG - Aggregated features: {'dwell_time': 137.5, 'flight_time': 139.9375, 'key_press_rate': 3.6372453928225026, 'key_release_interval': 128.26666666666668, 'typing_speed': 137.5}
2026-03-31 15:04:51,195 - keyguard_backend - DEBUG - ML model features (count=31): [94.0, 216.0, 74.0, 111.0, 124.0, 186.0, 171.0, 139.0, 139.0, 140.0, 160.0, 149.0, 90.0, 112.0, 143.0, 152.0, 0.0, 0.0, 0.0, 460.0, 38.0, 0.0, 0.0, 129.0, 0.0, 192.0, 0.0, 115.0, 0.0, 510.0, 795.0]
2026-03-31 15:04:51,224 - keyguard_backend - DEBUG - RF Prediction: 69, Confidence: 0.07361904761904763
2026-03-31 15:04:51,224 - keyguard_backend - DEBUG - SVM Prediction: -1, Decision Score: -2.992675297275636
2026-03-31 15:04:51,224 - keyguard_backend - INFO - Prediction result for madabkadab: SUSPICIOUS (0.80)
2026-03-31 15:04:52,408 - keyguard_backend - INFO - Prediction request from madabkadab with 16 keystrokes (test: None)
2026-03-31 15:04:52,411 - keyguard_backend - DEBUG - Extracted features: {'dwell_time': 143.5, 'flight_time': 203.8125, 'key_press_rate': 2.839833396440742, 'key_release_interval': 199.06666666666666, 'typing_speed': 143.5}
2026-03-31 15:04:52,411 - keyguard_backend - DEBUG - ML Model Features - Dwells: 16, Flights: 15, Total: 31
2026-03-31 15:04:52,411 - keyguard_backend - DEBUG - Feature vector: [216.0, 74.0, 111.0, 124.0, 186.0, 171.0, 139.0, 139.0, 140.0, 160.0, 149.0, 90.0, 112.0, 143.0, 152.0, 190.0, 0.0, 0.0, 460.0, 38.0, 0.0, 0.0, 129.0, 0.0, 192.0, 0.0, 115.0, 0.0, 510.0, 795.0, 1022.0]
2026-03-31 15:04:52,411 - keyguard_backend - DEBUG - Aggregated features: {'dwell_time': 143.5, 'flight_time': 203.8125, 'key_press_rate': 2.839833396440742, 'key_release_interval': 199.06666666666666, 'typing_speed': 143.5}
2026-03-31 15:04:52,411 - keyguard_backend - DEBUG - ML model features (count=31): [216.0, 74.0, 111.0, 124.0, 186.0, 171.0, 139.0, 139.0, 140.0, 160.0, 149.0, 90.0, 112.0, 143.0, 152.0, 190.0, 0.0, 0.0, 460.0, 38.0, 0.0, 0.0, 129.0, 0.0, 192.0, 0.0, 115.0, 0.0, 510.0, 795.0, 1022.0]
2026-03-31 15:04:52,448 - keyguard_backend - DEBUG - RF Prediction: 15, Confidence: 0.16335714285714287
2026-03-31 15:04:52,448 - keyguard_backend - DEBUG - SVM Prediction: -1, Decision Score: -2.992708314132614
2026-03-31 15:04:52,448 - keyguard_backend - INFO - Prediction result for madabkadab: SUSPICIOUS (0.79)
2026-03-31 15:04:53,666 - keyguard_backend - INFO - Prediction request from madabkadab with 16 keystrokes (test: None)
2026-03-31 15:04:53,670 - keyguard_backend - DEBUG - Extracted features: {'dwell_time': 141.875, 'flight_time': 270.4375, 'key_press_rate': 2.3644388398486758, 'key_release_interval': 271.6, 'typing_speed': 141.875}
2026-03-31 15:04:53,670 - keyguard_backend - DEBUG - ML Model Features - Dwells: 16, Flights: 15, Total: 31
2026-03-31 15:04:53,670 - keyguard_backend - DEBUG - Feature vector: [74.0, 111.0, 124.0, 186.0, 171.0, 139.0, 139.0, 140.0, 160.0, 149.0, 90.0, 112.0, 143.0, 152.0, 190.0, 190.0, 0.0, 460.0, 38.0, 0.0, 0.0, 129.0, 0.0, 192.0, 0.0, 115.0, 0.0, 510.0, 795.0, 1022.0, 1066.0]
2026-03-31 15:04:53,670 - keyguard_backend - DEBUG - Aggregated features: {'dwell_time': 141.875, 'flight_time': 270.4375, 'key_press_rate': 2.3644388398486758, 'key_release_interval': 271.6, 'typing_speed': 141.875}
2026-03-31 15:04:53,670 - keyguard_backend - DEBUG - ML model features (count=31): [74.0, 111.0, 124.0, 186.0, 171.0, 139.0, 139.0, 140.0, 160.0, 149.0, 90.0, 112.0, 143.0, 152.0, 190.0, 190.0, 0.0, 460.0, 38.0, 0.0, 0.0, 129.0, 0.0, 192.0, 0.0, 115.0, 0.0, 510.0, 795.0, 1022.0, 1066.0]
2026-03-31 15:04:53,707 - keyguard_backend - DEBUG - RF Prediction: 19, Confidence: 0.10416666666666664
2026-03-31 15:04:53,707 - keyguard_backend - DEBUG - SVM Prediction: -1, Decision Score: -2.992708314132614
2026-03-31 15:04:53,709 - keyguard_backend - INFO - Prediction result for madabkadab: INTRUDER (0.99)
2026-03-31 15:04:55,049 - keyguard_backend - INFO - Prediction request from madabkadab with 16 keystrokes (test: None)
2026-03-31 15:04:55,049 - keyguard_backend - DEBUG - Extracted features: {'dwell_time': 147.375, 'flight_time': 346.9375, 'key_press_rate': 1.9422504208209246, 'key_release_interval': 357.6666666666667, 'typing_speed': 147.375}
2026-03-31 15:04:55,049 - keyguard_backend - DEBUG - ML Model Features - Dwells: 16, Flights: 15, Total: 31
2026-03-31 15:04:55,049 - keyguard_backend - DEBUG - Feature vector: [111.0, 124.0, 186.0, 171.0, 139.0, 139.0, 140.0, 160.0, 149.0, 90.0, 112.0, 143.0, 152.0, 190.0, 190.0, 162.0, 460.0, 38.0, 0.0, 0.0, 129.0, 0.0, 192.0, 0.0, 115.0, 0.0, 510.0, 795.0, 1022.0, 1066.0, 1224.0]
2026-03-31 15:04:55,049 - keyguard_backend - DEBUG - Aggregated features: {'dwell_time': 147.375, 'flight_time': 346.9375, 'key_press_rate': 1.9422504208209246, 'key_release_interval': 357.6666666666667, 'typing_speed': 147.375}
2026-03-31 15:04:55,049 - keyguard_backend - DEBUG - ML model features (count=31): [111.0, 124.0, 186.0, 171.0, 139.0, 139.0, 140.0, 160.0, 149.0, 90.0, 112.0, 143.0, 152.0, 190.0, 190.0, 162.0, 460.0, 38.0, 0.0, 0.0, 129.0, 0.0, 192.0, 0.0, 115.0, 0.0, 510.0, 795.0, 1022.0, 1066.0, 1224.0]
2026-03-31 15:04:55,076 - keyguard_backend - DEBUG - RF Prediction: 15, Confidence: 0.14041666666666666
2026-03-31 15:04:55,076 - keyguard_backend - DEBUG - SVM Prediction: -1, Decision Score: -2.992708314132614
2026-03-31 15:04:55,077 - keyguard_backend - INFO - Prediction result for madabkadab: INTRUDER (0.99)
