2026-03-25 01:43:49,254 - keyguard_backend - WARNING - Model file not found: /models/random_forest_model.pkl. Creating mock model.
2026-03-25 01:43:49,256 - keyguard_backend - WARNING - Model file not found: /models/one_class_svm_model.pkl. Creating mock model.
2026-03-25 01:43:49,256 - keyguard_backend - WARNING - Scaler file not found: /models/scaler.pkl. Creating mock scaler.
2026-03-25 01:43:49,313 - keyguard_backend - INFO - Database tables created/verified
2026-03-25 01:43:49,927 - keyguard_backend - INFO - Starting capture session for newuser
2026-03-25 01:43:49,943 - keyguard_backend - INFO - Created new user: newuser
2026-03-25 01:43:49,955 - keyguard_backend - INFO - Created new capture session 1 for newuser
2026-03-25 01:43:50,115 - keyguard_backend - INFO - Starting capture session for testuser
2026-03-25 01:43:50,117 - keyguard_backend - INFO - Returning existing active session for testuser
2026-03-25 01:43:50,264 - keyguard_backend - DEBUG - Session active for testuser
2026-03-25 01:43:50,740 - keyguard_backend - INFO - Prediction request from testuser with 5 keystrokes
2026-03-25 01:43:50,743 - keyguard_backend - DEBUG - Extracted features: {'dwell_time': 50.0, 'flight_time': 80.0, 'key_press_rate': 6.153846153846153, 'key_release_interval': np.float64(100.0), 'typing_speed': np.float64(50.0)}
2026-03-25 01:43:50,756 - keyguard_backend - DEBUG - Decision logic - RF prob: 0.44832076854941677, SVM score: 0.3118670923163147
2026-03-25 01:43:50,756 - keyguard_backend - INFO - Detection decision: suspicious - ['RF: Suspicious behavior (prob=0.45)', 'SVM: Normal behavior detected']
2026-03-25 01:43:50,767 - keyguard_backend - WARNING - Logged suspicious event for user testuser
2026-03-25 01:43:50,767 - keyguard_backend - INFO - Prediction result for testuser: suspicious
2026-03-25 01:43:50,914 - keyguard_backend - INFO - Prediction request from nonexistent with 1 keystrokes
2026-03-25 01:43:50,915 - keyguard_backend - WARNING - User not found: nonexistent
2026-03-25 01:43:50,915 - keyguard_backend - ERROR - HTTP Exception: 404 - User not found
2026-03-25 01:43:51,229 - keyguard_backend - INFO - Training request for testuser with 15 keystrokes
2026-03-25 01:43:51,232 - keyguard_backend - DEBUG - Extracted features: {'dwell_time': 50.0, 'flight_time': 46.666666666666664, 'key_press_rate': 9.655172413793103, 'key_release_interval': np.float64(50.0), 'typing_speed': np.float64(50.0)}
2026-03-25 01:43:51,276 - keyguard_backend - INFO - Updated behavior profile for user testuser
2026-03-25 01:43:51,424 - keyguard_backend - INFO - Training request for nonexistent with 1 keystrokes
2026-03-25 01:43:51,425 - keyguard_backend - WARNING - User not found: nonexistent
2026-03-25 01:43:51,426 - keyguard_backend - ERROR - HTTP Exception: 404 - User not found
2026-03-25 01:43:51,740 - keyguard_backend - DEBUG - Extracted features: {'dwell_time': 50.0, 'flight_time': 66.66666666666667, 'key_press_rate': 5.714285714285714, 'key_release_interval': np.float64(100.0), 'typing_speed': np.float64(50.0)}
2026-03-25 01:43:51,743 - keyguard_backend - WARNING - Invalid keystroke at index 1: {'key': 'b', 'key_press_time': 1150, 'key_release_time': 1000}
2026-03-25 01:43:51,745 - keyguard_backend - DEBUG - Removing keystroke with anomalous dwell time: 1500ms
2026-03-25 01:43:51,747 - keyguard_backend - DEBUG - Decision logic - RF prob: 0.95, SVM score: 0.8
2026-03-25 01:43:51,747 - keyguard_backend - INFO - Detection decision: normal - ['RF: High confidence in normal (prob=0.95)', 'SVM: Normal behavior detected']
2026-03-25 01:43:51,750 - keyguard_backend - DEBUG - Decision logic - RF prob: 0.45, SVM score: 0.5
2026-03-25 01:43:51,750 - keyguard_backend - INFO - Detection decision: suspicious - ['RF: Suspicious behavior (prob=0.45)', 'SVM: Normal behavior detected']
2026-03-25 01:43:51,752 - keyguard_backend - DEBUG - Decision logic - RF prob: 0.2, SVM score: -0.8
2026-03-25 01:43:51,752 - keyguard_backend - INFO - Detection decision: intrusion - ['RF: Low confidence in normal (prob=0.20)', 'SVM: Anomaly detected (score=-0.80)']
2026-03-25 01:43:51,759 - keyguard_backend - DEBUG - Extracted features: {'dwell_time': 50.0, 'flight_time': 80.0, 'key_press_rate': 6.153846153846153, 'key_release_interval': np.float64(100.0), 'typing_speed': np.float64(50.0)}
2026-03-25 01:43:51,760 - keyguard_backend - DEBUG - Decision logic - RF prob: 0.6323402626545338, SVM score: -0.07739476223047315
2026-03-25 01:43:51,760 - keyguard_backend - INFO - Detection decision: intrusion - ['RF: Suspicious behavior (prob=0.63)', 'SVM: Anomaly detected (score=-0.08)']
