2026-03-25 16:06:55,318 - keyguard_backend - INFO - Loaded model from /Users/georgy/Documents/College/miniproject/KeyGuard/backend/models/random_forest_model.pkl
2026-03-25 16:06:55,319 - keyguard_backend - INFO - Loaded model from /Users/georgy/Documents/College/miniproject/KeyGuard/backend/models/one_class_svm_model.pkl
2026-03-25 16:06:55,319 - keyguard_backend - INFO - Loaded scaler from /Users/georgy/Documents/College/miniproject/KeyGuard/backend/models/scaler.pkl
2026-03-25 16:06:55,326 - keyguard_backend - INFO - Database tables created/verified
2026-03-25 16:06:55,369 - keyguard_backend - INFO - Starting KeyGuard Backend server
2026-03-25 16:12:47,235 - keyguard_backend - INFO - Registering new user: prhythm
2026-03-25 16:12:47,248 - keyguard_backend - INFO - Successfully registered user: prhythm
2026-03-25 16:13:10,719 - keyguard_backend - INFO - Training request for prhythm with 34 keystrokes (round 1)
2026-03-25 16:13:10,724 - keyguard_backend - DEBUG - Extracted features: {'dwell_time': 94.20588235294117, 'flight_time': 198.55882352941177, 'key_press_rate': 3.460207612456747, 'key_release_interval': 191.93939393939394, 'typing_speed': 94.20588235294117}
2026-03-25 16:13:10,724 - keyguard_backend - DEBUG - ML Model Features - Dwells: 34, Flights: 33, Total: 67
2026-03-25 16:13:10,724 - keyguard_backend - DEBUG - Feature vector: [101.0, 81.0, 63.0, 140.0, 60.0, 81.0, 102.0, 176.0, 105.0, 88.0, 118.0, 87.0, 75.0, 86.0, 90.0, 108.0, 87.0, 104.0, 79.0, 112.0, 68.0, 124.0, 66.0, 124.0, 114.0, 124.0, 43.0, 56.0, 89.0, 164.0, 92.0, 94.0, 69.0, 33.0, 8.0, 60.0, 93.0, 457.0, 832.0, 62.0, 0, 0, 7.0, 657.0, 0, 338.0, 54.0, 80.0, 0, 26.0, 0, 309.0, 201.0, 144.0, 0, 23.0, 411.0, 0, 820.0, 454.0, 104.0, 426.0, 66.0, 54.0, 884.0, 14.0, 167.0]
2026-03-25 16:13:10,724 - keyguard_backend - INFO - Training with aggregated features: {'dwell_time': 94.20588235294117, 'flight_time': 198.55882352941177, 'key_press_rate': 3.460207612456747, 'key_release_interval': 191.93939393939394, 'typing_speed': 94.20588235294117}
2026-03-25 16:13:10,725 - keyguard_backend - INFO - Training with ML model features (count=67): [101.0, 81.0, 63.0, 140.0, 60.0, 81.0, 102.0, 176.0, 105.0, 88.0, 118.0, 87.0, 75.0, 86.0, 90.0, 108.0, 87.0, 104.0, 79.0, 112.0, 68.0, 124.0, 66.0, 124.0, 114.0, 124.0, 43.0, 56.0, 89.0, 164.0, 92.0, 94.0, 69.0, 33.0, 8.0, 60.0, 93.0, 457.0, 832.0, 62.0, 0, 0, 7.0, 657.0, 0, 338.0, 54.0, 80.0, 0, 26.0, 0, 309.0, 201.0, 144.0, 0, 23.0, 411.0, 0, 820.0, 454.0, 104.0, 426.0, 66.0, 54.0, 884.0, 14.0, 167.0]
2026-03-25 16:13:10,741 - keyguard_backend - INFO - Updated behavior profile for user prhythm (round 1, trained_rounds=1)
2026-03-25 16:13:20,534 - keyguard_backend - INFO - Training request for prhythm with 24 keystrokes (round 2)
2026-03-25 16:13:20,537 - keyguard_backend - DEBUG - Extracted features: {'dwell_time': 116.41666666666667, 'flight_time': 139.79166666666666, 'key_press_rate': 4.011861154718297, 'key_release_interval': 127.78260869565217, 'typing_speed': 116.41666666666667}
2026-03-25 16:13:20,537 - keyguard_backend - DEBUG - ML Model Features - Dwells: 24, Flights: 23, Total: 47
2026-03-25 16:13:20,537 - keyguard_backend - DEBUG - Feature vector: [82.0, 96.0, 105.0, 106.0, 222.0, 92.0, 97.0, 108.0, 80.0, 87.0, 98.0, 92.0, 139.0, 176.0, 110.0, 71.0, 89.0, 113.0, 123.0, 100.0, 95.0, 319.0, 103.0, 91.0, 123.0, 3.0, 382.0, 0, 0, 91.0, 517.0, 26.0, 213.0, 69.0, 0, 76.0, 0, 0, 47.0, 559.0, 355.0, 37.0, 47.0, 676.0, 134.0, 0, 0]
2026-03-25 16:13:20,537 - keyguard_backend - INFO - Training with aggregated features: {'dwell_time': 116.41666666666667, 'flight_time': 139.79166666666666, 'key_press_rate': 4.011861154718297, 'key_release_interval': 127.78260869565217, 'typing_speed': 116.41666666666667}
2026-03-25 16:13:20,537 - keyguard_backend - INFO - Training with ML model features (count=47): [82.0, 96.0, 105.0, 106.0, 222.0, 92.0, 97.0, 108.0, 80.0, 87.0, 98.0, 92.0, 139.0, 176.0, 110.0, 71.0, 89.0, 113.0, 123.0, 100.0, 95.0, 319.0, 103.0, 91.0, 123.0, 3.0, 382.0, 0, 0, 91.0, 517.0, 26.0, 213.0, 69.0, 0, 76.0, 0, 0, 47.0, 559.0, 355.0, 37.0, 47.0, 676.0, 134.0, 0, 0]
2026-03-25 16:13:20,551 - keyguard_backend - INFO - Updated behavior profile for user prhythm (round 2, trained_rounds=2)
2026-03-25 16:13:36,366 - keyguard_backend - INFO - Training request for prhythm with 18 keystrokes (round 3)
2026-03-25 16:13:36,369 - keyguard_backend - DEBUG - Removing keystroke with anomalous dwell time: 1278.0ms
2026-03-25 16:13:36,369 - keyguard_backend - DEBUG - Extracted features: {'dwell_time': 147.58823529411765, 'flight_time': 311.11764705882354, 'key_press_rate': 2.1863897239682974, 'key_release_interval': 300.5625, 'typing_speed': 147.58823529411765}
2026-03-25 16:13:36,369 - keyguard_backend - DEBUG - ML Model Features - Dwells: 17, Flights: 16, Total: 33
2026-03-25 16:13:36,369 - keyguard_backend - DEBUG - Feature vector: [72.0, 117.0, 102.0, 169.0, 199.0, 115.0, 54.0, 107.0, 547.0, 449.0, 123.0, 72.0, 62.0, 44.0, 75.0, 131.0, 71.0, 28.0, 29.0, 23.0, 128.0, 0, 167.0, 422.0, 0, 0, 85.0, 0, 0, 156.0, 723.0, 77.0, 3451.0]
2026-03-25 16:13:36,369 - keyguard_backend - INFO - Training with aggregated features: {'dwell_time': 147.58823529411765, 'flight_time': 311.11764705882354, 'key_press_rate': 2.1863897239682974, 'key_release_interval': 300.5625, 'typing_speed': 147.58823529411765}
2026-03-25 16:13:36,369 - keyguard_backend - INFO - Training with ML model features (count=33): [72.0, 117.0, 102.0, 169.0, 199.0, 115.0, 54.0, 107.0, 547.0, 449.0, 123.0, 72.0, 62.0, 44.0, 75.0, 131.0, 71.0, 28.0, 29.0, 23.0, 128.0, 0, 167.0, 422.0, 0, 0, 85.0, 0, 0, 156.0, 723.0, 77.0, 3451.0]
2026-03-25 16:13:36,384 - keyguard_backend - INFO - Updated behavior profile for user prhythm (round 3, trained_rounds=3)
2026-03-25 16:13:44,757 - keyguard_backend - INFO - Training request for prhythm with 25 keystrokes (round 4)
2026-03-25 16:13:44,760 - keyguard_backend - DEBUG - Extracted features: {'dwell_time': 95.52, 'flight_time': 134.76, 'key_press_rate': 4.322766570605188, 'key_release_interval': 131.83333333333334, 'typing_speed': 95.52}
2026-03-25 16:13:44,760 - keyguard_backend - DEBUG - ML Model Features - Dwells: 25, Flights: 24, Total: 49
2026-03-25 16:13:44,760 - keyguard_backend - DEBUG - Feature vector: [122.0, 80.0, 96.0, 85.0, 82.0, 132.0, 104.0, 102.0, 83.0, 52.0, 108.0, 92.0, 114.0, 84.0, 76.0, 69.0, 80.0, 108.0, 123.0, 71.0, 99.0, 160.0, 63.0, 92.0, 111.0, 0, 49.0, 16.0, 439.0, 0, 0, 416.0, 0, 132.0, 280.0, 54.0, 21.0, 0, 48.0, 131.0, 471.0, 27.0, 2.0, 24.0, 263.0, 55.0, 388.0, 97.0, 456.0]
2026-03-25 16:13:44,760 - keyguard_backend - INFO - Training with aggregated features: {'dwell_time': 95.52, 'flight_time': 134.76, 'key_press_rate': 4.322766570605188, 'key_release_interval': 131.83333333333334, 'typing_speed': 95.52}
2026-03-25 16:13:44,760 - keyguard_backend - INFO - Training with ML model features (count=49): [122.0, 80.0, 96.0, 85.0, 82.0, 132.0, 104.0, 102.0, 83.0, 52.0, 108.0, 92.0, 114.0, 84.0, 76.0, 69.0, 80.0, 108.0, 123.0, 71.0, 99.0, 160.0, 63.0, 92.0, 111.0, 0, 49.0, 16.0, 439.0, 0, 0, 416.0, 0, 132.0, 280.0, 54.0, 21.0, 0, 48.0, 131.0, 471.0, 27.0, 2.0, 24.0, 263.0, 55.0, 388.0, 97.0, 456.0]
2026-03-25 16:13:44,774 - keyguard_backend - INFO - Updated behavior profile for user prhythm (round 4, trained_rounds=4)
2026-03-25 16:13:52,017 - keyguard_backend - INFO - Training request for prhythm with 25 keystrokes (round 5)
2026-03-25 16:13:52,020 - keyguard_backend - DEBUG - Extracted features: {'dwell_time': 131.72, 'flight_time': 86.24, 'key_press_rate': 4.669260700389105, 'key_release_interval': 76.95833333333333, 'typing_speed': 131.72}
2026-03-25 16:13:52,020 - keyguard_backend - DEBUG - ML Model Features - Dwells: 25, Flights: 24, Total: 49
2026-03-25 16:13:52,020 - keyguard_backend - DEBUG - Feature vector: [120.0, 60.0, 115.0, 72.0, 93.0, 147.0, 101.0, 112.0, 120.0, 87.0, 85.0, 136.0, 103.0, 108.0, 45.0, 64.0, 424.0, 690.0, 84.0, 75.0, 68.0, 80.0, 141.0, 79.0, 84.0, 94.0, 129.0, 11.0, 151.0, 0, 25.0, 81.0, 146.0, 17.0, 17.0, 0, 0, 85.0, 304.0, 83.0, 469.0, 87.0, 179.0, 154.0, 8.0, 21.0, 95.0, 0, 0]
2026-03-25 16:13:52,020 - keyguard_backend - INFO - Training with aggregated features: {'dwell_time': 131.72, 'flight_time': 86.24, 'key_press_rate': 4.669260700389105, 'key_release_interval': 76.95833333333333, 'typing_speed': 131.72}
2026-03-25 16:13:52,021 - keyguard_backend - INFO - Training with ML model features (count=49): [120.0, 60.0, 115.0, 72.0, 93.0, 147.0, 101.0, 112.0, 120.0, 87.0, 85.0, 136.0, 103.0, 108.0, 45.0, 64.0, 424.0, 690.0, 84.0, 75.0, 68.0, 80.0, 141.0, 79.0, 84.0, 94.0, 129.0, 11.0, 151.0, 0, 25.0, 81.0, 146.0, 17.0, 17.0, 0, 0, 85.0, 304.0, 83.0, 469.0, 87.0, 179.0, 154.0, 8.0, 21.0, 95.0, 0, 0]
2026-03-25 16:13:52,035 - keyguard_backend - INFO - Updated behavior profile for user prhythm (round 5, trained_rounds=5)
2026-03-25 16:13:57,599 - keyguard_backend - INFO - Training request for prhythm with 23 keystrokes (round 6)
2026-03-25 16:13:57,601 - keyguard_backend - DEBUG - Extracted features: {'dwell_time': 134.8695652173913, 'flight_time': 37.0, 'key_press_rate': 6.600660066006601, 'key_release_interval': 10.5, 'typing_speed': 134.8695652173913}
2026-03-25 16:13:57,602 - keyguard_backend - DEBUG - ML Model Features - Dwells: 23, Flights: 22, Total: 45
2026-03-25 16:13:57,602 - keyguard_backend - DEBUG - Feature vector: [187.0, 109.0, 80.0, 155.0, 120.0, 95.0, 168.0, 112.0, 72.0, 76.0, 151.0, 115.0, 520.0, 262.0, 186.0, 52.0, 100.0, 77.0, 63.0, 84.0, 138.0, 108.0, 72.0, 0, 49.0, 0, 91.0, 73.0, 16.0, 0, 77.0, 97.0, 64.0, 0, 75.0, 50.0, 0, 0, 88.0, 16.0, 33.0, 0, 122.0, 0, 0]
2026-03-25 16:13:57,602 - keyguard_backend - INFO - Training with aggregated features: {'dwell_time': 134.8695652173913, 'flight_time': 37.0, 'key_press_rate': 6.600660066006601, 'key_release_interval': 10.5, 'typing_speed': 134.8695652173913}
2026-03-25 16:13:57,602 - keyguard_backend - INFO - Training with ML model features (count=45): [187.0, 109.0, 80.0, 155.0, 120.0, 95.0, 168.0, 112.0, 72.0, 76.0, 151.0, 115.0, 520.0, 262.0, 186.0, 52.0, 100.0, 77.0, 63.0, 84.0, 138.0, 108.0, 72.0, 0, 49.0, 0, 91.0, 73.0, 16.0, 0, 77.0, 97.0, 64.0, 0, 75.0, 50.0, 0, 0, 88.0, 16.0, 33.0, 0, 122.0, 0, 0]
2026-03-25 16:13:57,618 - keyguard_backend - INFO - Updated behavior profile for user prhythm (round 6, trained_rounds=6)
2026-03-25 16:14:04,292 - keyguard_backend - INFO - Training request for prhythm with 24 keystrokes (round 7)
2026-03-25 16:14:04,294 - keyguard_backend - DEBUG - Extracted features: {'dwell_time': 116.16666666666667, 'flight_time': 80.29166666666667, 'key_press_rate': 5.605654399220083, 'key_release_interval': 57.17391304347826, 'typing_speed': 116.16666666666667}
2026-03-25 16:14:04,294 - keyguard_backend - DEBUG - ML Model Features - Dwells: 24, Flights: 23, Total: 47
2026-03-25 16:14:04,294 - keyguard_backend - DEBUG - Feature vector: [107.0, 44.0, 87.0, 51.0, 111.0, 127.0, 126.0, 98.0, 214.0, 107.0, 101.0, 85.0, 169.0, 68.0, 203.0, 112.0, 86.0, 92.0, 184.0, 148.0, 177.0, 78.0, 119.0, 94.0, 182.0, 452.0, 65.0, 301.0, 40.0, 0, 0, 0, 0, 0, 23.0, 232.0, 148.0, 136.0, 0, 0, 112.0, 159.0, 0, 0, 0, 47.0, 30.0]
2026-03-25 16:14:04,294 - keyguard_backend - INFO - Training with aggregated features: {'dwell_time': 116.16666666666667, 'flight_time': 80.29166666666667, 'key_press_rate': 5.605654399220083, 'key_release_interval': 57.17391304347826, 'typing_speed': 116.16666666666667}
2026-03-25 16:14:04,294 - keyguard_backend - INFO - Training with ML model features (count=47): [107.0, 44.0, 87.0, 51.0, 111.0, 127.0, 126.0, 98.0, 214.0, 107.0, 101.0, 85.0, 169.0, 68.0, 203.0, 112.0, 86.0, 92.0, 184.0, 148.0, 177.0, 78.0, 119.0, 94.0, 182.0, 452.0, 65.0, 301.0, 40.0, 0, 0, 0, 0, 0, 23.0, 232.0, 148.0, 136.0, 0, 0, 112.0, 159.0, 0, 0, 0, 47.0, 30.0]
2026-03-25 16:14:04,305 - keyguard_backend - INFO - Updated behavior profile for user prhythm (round 7, trained_rounds=7)
2026-03-25 16:14:16,063 - keyguard_backend - INFO - Training request for prhythm with 28 keystrokes (round 8)
2026-03-25 16:14:16,066 - keyguard_backend - DEBUG - Extracted features: {'dwell_time': 128.10714285714286, 'flight_time': 241.53571428571428, 'key_press_rate': 2.821611453652419, 'key_release_interval': 221.55555555555554, 'typing_speed': 128.10714285714286}
2026-03-25 16:14:16,066 - keyguard_backend - DEBUG - ML Model Features - Dwells: 28, Flights: 27, Total: 55
2026-03-25 16:14:16,066 - keyguard_backend - DEBUG - Feature vector: [63.0, 122.0, 92.0, 90.0, 68.0, 142.0, 94.0, 102.0, 124.0, 68.0, 143.0, 88.0, 144.0, 130.0, 101.0, 106.0, 79.0, 47.0, 50.0, 521.0, 450.0, 104.0, 48.0, 84.0, 94.0, 169.0, 143.0, 121.0, 159.0, 0, 72.0, 89.0, 119.0, 0, 0, 96.0, 22.0, 644.0, 0, 134.0, 279.0, 85.0, 29.0, 49.0, 155.0, 1040.0, 869.0, 0, 16.0, 1532.0, 83.0, 805.0, 0, 149.0, 337.0]
2026-03-25 16:14:16,067 - keyguard_backend - INFO - Training with aggregated features: {'dwell_time': 128.10714285714286, 'flight_time': 241.53571428571428, 'key_press_rate': 2.821611453652419, 'key_release_interval': 221.55555555555554, 'typing_speed': 128.10714285714286}
2026-03-25 16:14:16,067 - keyguard_backend - INFO - Training with ML model features (count=55): [63.0, 122.0, 92.0, 90.0, 68.0, 142.0, 94.0, 102.0, 124.0, 68.0, 143.0, 88.0, 144.0, 130.0, 101.0, 106.0, 79.0, 47.0, 50.0, 521.0, 450.0, 104.0, 48.0, 84.0, 94.0, 169.0, 143.0, 121.0, 159.0, 0, 72.0, 89.0, 119.0, 0, 0, 96.0, 22.0, 644.0, 0, 134.0, 279.0, 85.0, 29.0, 49.0, 155.0, 1040.0, 869.0, 0, 16.0, 1532.0, 83.0, 805.0, 0, 149.0, 337.0]
2026-03-25 16:14:16,077 - keyguard_backend - INFO - Updated behavior profile for user prhythm (round 8, trained_rounds=8)
2026-03-25 16:14:25,806 - keyguard_backend - INFO - Training request for prhythm with 28 keystrokes (round 9)
2026-03-25 16:14:25,809 - keyguard_backend - DEBUG - Removing keystroke with anomalous dwell time: 1014.0ms
2026-03-25 16:14:25,809 - keyguard_backend - DEBUG - Extracted features: {'dwell_time': 113.5925925925926, 'flight_time': 191.88888888888889, 'key_press_rate': 3.374432186891629, 'key_release_interval': 178.3846153846154, 'typing_speed': 113.5925925925926}
2026-03-25 16:14:25,809 - keyguard_backend - DEBUG - ML Model Features - Dwells: 27, Flights: 26, Total: 53
2026-03-25 16:14:25,809 - keyguard_backend - DEBUG - Feature vector: [89.0, 136.0, 120.0, 23.0, 84.0, 37.0, 96.0, 92.0, 120.0, 112.0, 127.0, 83.0, 228.0, 122.0, 71.0, 116.0, 89.0, 87.0, 78.0, 112.0, 202.0, 204.0, 108.0, 87.0, 204.0, 116.0, 124.0, 0, 0, 52.0, 9.0, 408.0, 83.0, 214.0, 58.0, 125.0, 360.0, 212.0, 0, 0, 38.0, 410.0, 3.0, 125.0, 0, 47.0, 262.0, 0, 456.0, 990.0, 1329.0, 0, 0]
2026-03-25 16:14:25,809 - keyguard_backend - INFO - Training with aggregated features: {'dwell_time': 113.5925925925926, 'flight_time': 191.88888888888889, 'key_press_rate': 3.374432186891629, 'key_release_interval': 178.3846153846154, 'typing_speed': 113.5925925925926}
2026-03-25 16:14:25,809 - keyguard_backend - INFO - Training with ML model features (count=53): [89.0, 136.0, 120.0, 23.0, 84.0, 37.0, 96.0, 92.0, 120.0, 112.0, 127.0, 83.0, 228.0, 122.0, 71.0, 116.0, 89.0, 87.0, 78.0, 112.0, 202.0, 204.0, 108.0, 87.0, 204.0, 116.0, 124.0, 0, 0, 52.0, 9.0, 408.0, 83.0, 214.0, 58.0, 125.0, 360.0, 212.0, 0, 0, 38.0, 410.0, 3.0, 125.0, 0, 47.0, 262.0, 0, 456.0, 990.0, 1329.0, 0, 0]
2026-03-25 16:14:25,822 - keyguard_backend - INFO - Updated behavior profile for user prhythm (round 9, trained_rounds=9)
2026-03-25 16:14:33,681 - keyguard_backend - INFO - Training request for prhythm with 18 keystrokes (round 10)
2026-03-25 16:14:33,684 - keyguard_backend - DEBUG - Extracted features: {'dwell_time': 160.11111111111111, 'flight_time': 155.27777777777777, 'key_press_rate': 3.0647196682891655, 'key_release_interval': 156.76470588235293, 'typing_speed': 160.11111111111111}
2026-03-25 16:14:33,684 - keyguard_backend - DEBUG - ML Model Features - Dwells: 18, Flights: 17, Total: 35
2026-03-25 16:14:33,684 - keyguard_backend - DEBUG - Feature vector: [71.0, 94.0, 92.0, 136.0, 112.0, 115.0, 126.0, 176.0, 135.0, 100.0, 95.0, 134.0, 99.0, 79.0, 97.0, 107.0, 569.0, 545.0, 11.0, 20.0, 34.0, 517.0, 124.0, 739.0, 11.0, 0, 401.0, 140.0, 348.0, 0, 28.0, 8.0, 192.0, 87.0, 135.0]
2026-03-25 16:14:33,684 - keyguard_backend - INFO - Training with aggregated features: {'dwell_time': 160.11111111111111, 'flight_time': 155.27777777777777, 'key_press_rate': 3.0647196682891655, 'key_release_interval': 156.76470588235293, 'typing_speed': 160.11111111111111}
2026-03-25 16:14:33,684 - keyguard_backend - INFO - Training with ML model features (count=35): [71.0, 94.0, 92.0, 136.0, 112.0, 115.0, 126.0, 176.0, 135.0, 100.0, 95.0, 134.0, 99.0, 79.0, 97.0, 107.0, 569.0, 545.0, 11.0, 20.0, 34.0, 517.0, 124.0, 739.0, 11.0, 0, 401.0, 140.0, 348.0, 0, 28.0, 8.0, 192.0, 87.0, 135.0]
2026-03-25 16:14:33,701 - keyguard_backend - INFO - Updated behavior profile for user prhythm (round 10, trained_rounds=10)
