2026-03-31 15:18:54,832 - keyguard_backend - INFO - Database tables created/verified
2026-03-31 15:18:55,781 - keyguard_backend - ERROR - Unhandled Exception: (sqlite3.OperationalError) attempt to write a readonly database
[SQL: INSERT INTO users (username, email, phone, password_hash, created_at, is_active, training_completed, training_rounds) VALUES (?, ?, ?, ?, ?, ?, ?, ?)]
[parameters: ('alice', 'alice@example.com', '1234567890', '2fbb9e95c01fe721c117e9de547f3c49$d61ab72adb7d698884921b14ee020c9178f6a7defccc63f5a2a26197df3a463c', '2026-03-31 09:48:55.781349', 1, 0, 0)]
(Background on this error at: https://sqlalche.me/e/20/e3q8)
Traceback (most recent call last):
  File "/Users/georgy/Documents/College/miniproject/KeyGuard/backend/venv/lib/python3.9/site-packages/sqlalchemy/engine/base.py", line 1969, in _exec_single_context
    self.dialect.do_execute(
  File "/Users/georgy/Documents/College/miniproject/KeyGuard/backend/venv/lib/python3.9/site-packages/sqlalchemy/engine/default.py", line 922, in do_execute
    cursor.execute(statement, parameters)
sqlite3.OperationalError: attempt to write a readonly database

The above exception was the direct cause of the following exception:

Traceback (most recent call last):
  File "/Users/georgy/Documents/College/miniproject/KeyGuard/backend/venv/lib/python3.9/site-packages/starlette/middleware/errors.py", line 162, in __call__
    await self.app(scope, receive, _send)
  File "/Users/georgy/Documents/College/miniproject/KeyGuard/backend/venv/lib/python3.9/site-packages/starlette/middleware/cors.py", line 83, in __call__
    await self.app(scope, receive, send)
  File "/Users/georgy/Documents/College/miniproject/KeyGuard/backend/venv/lib/python3.9/site-packages/starlette/middleware/exceptions.py", line 79, in __call__
    raise exc
  File "/Users/georgy/Documents/College/miniproject/KeyGuard/backend/venv/lib/python3.9/site-packages/starlette/middleware/exceptions.py", line 68, in __call__
    await self.app(scope, receive, sender)
  File "/Users/georgy/Documents/College/miniproject/KeyGuard/backend/venv/lib/python3.9/site-packages/fastapi/middleware/asyncexitstack.py", line 20, in __call__
    raise e
  File "/Users/georgy/Documents/College/miniproject/KeyGuard/backend/venv/lib/python3.9/site-packages/fastapi/middleware/asyncexitstack.py", line 17, in __call__
    await self.app(scope, receive, send)
  File "/Users/georgy/Documents/College/miniproject/KeyGuard/backend/venv/lib/python3.9/site-packages/starlette/routing.py", line 718, in __call__
    await route.handle(scope, receive, send)
  File "/Users/georgy/Documents/College/miniproject/KeyGuard/backend/venv/lib/python3.9/site-packages/starlette/routing.py", line 276, in handle
    await self.app(scope, receive, send)
  File "/Users/georgy/Documents/College/miniproject/KeyGuard/backend/venv/lib/python3.9/site-packages/starlette/routing.py", line 66, in app
    response = await func(request)
  File "/Users/georgy/Documents/College/miniproject/KeyGuard/backend/venv/lib/python3.9/site-packages/fastapi/routing.py", line 274, in app
    raw_response = await run_endpoint_function(
  File "/Users/georgy/Documents/College/miniproject/KeyGuard/backend/venv/lib/python3.9/site-packages/fastapi/routing.py", line 191, in run_endpoint_function
    return await dependant.call(**values)
  File "/Users/georgy/Documents/College/miniproject/KeyGuard/backend/tests/../routes/auth.py", line 84, in register
    user = create_user(
  File "/Users/georgy/Documents/College/miniproject/KeyGuard/backend/tests/../database/crud.py", line 19, in create_user
    db.commit()
  File "/Users/georgy/Documents/College/miniproject/KeyGuard/backend/venv/lib/python3.9/site-packages/sqlalchemy/orm/session.py", line 1969, in commit
    trans.commit(_to_root=True)
  File "<string>", line 2, in commit
  File "/Users/georgy/Documents/College/miniproject/KeyGuard/backend/venv/lib/python3.9/site-packages/sqlalchemy/orm/state_changes.py", line 139, in _go
    ret_value = fn(self, *arg, **kw)
  File "/Users/georgy/Documents/College/miniproject/KeyGuard/backend/venv/lib/python3.9/site-packages/sqlalchemy/orm/session.py", line 1256, in commit
    self._prepare_impl()
  File "<string>", line 2, in _prepare_impl
  File "/Users/georgy/Documents/College/miniproject/KeyGuard/backend/venv/lib/python3.9/site-packages/sqlalchemy/orm/state_changes.py", line 139, in _go
    ret_value = fn(self, *arg, **kw)
  File "/Users/georgy/Documents/College/miniproject/KeyGuard/backend/venv/lib/python3.9/site-packages/sqlalchemy/orm/session.py", line 1231, in _prepare_impl
    self.session.flush()
  File "/Users/georgy/Documents/College/miniproject/KeyGuard/backend/venv/lib/python3.9/site-packages/sqlalchemy/orm/session.py", line 4312, in flush
    self._flush(objects)
  File "/Users/georgy/Documents/College/miniproject/KeyGuard/backend/venv/lib/python3.9/site-packages/sqlalchemy/orm/session.py", line 4448, in _flush
    transaction.rollback(_capture_exception=True)
  File "/Users/georgy/Documents/College/miniproject/KeyGuard/backend/venv/lib/python3.9/site-packages/sqlalchemy/util/langhelpers.py", line 146, in __exit__
    raise exc_value.with_traceback(exc_tb)
  File "/Users/georgy/Documents/College/miniproject/KeyGuard/backend/venv/lib/python3.9/site-packages/sqlalchemy/orm/session.py", line 4408, in _flush
    flush_context.execute()
  File "/Users/georgy/Documents/College/miniproject/KeyGuard/backend/venv/lib/python3.9/site-packages/sqlalchemy/orm/unitofwork.py", line 466, in execute
    rec.execute(self)
  File "/Users/georgy/Documents/College/miniproject/KeyGuard/backend/venv/lib/python3.9/site-packages/sqlalchemy/orm/unitofwork.py", line 642, in execute
    util.preloaded.orm_persistence.save_obj(
  File "/Users/georgy/Documents/College/miniproject/KeyGuard/backend/venv/lib/python3.9/site-packages/sqlalchemy/orm/persistence.py", line 93, in save_obj
    _emit_insert_statements(
  File "/Users/georgy/Documents/College/miniproject/KeyGuard/backend/venv/lib/python3.9/site-packages/sqlalchemy/orm/persistence.py", line 1226, in _emit_insert_statements
    result = connection.execute(
  File "/Users/georgy/Documents/College/miniproject/KeyGuard/backend/venv/lib/python3.9/site-packages/sqlalchemy/engine/base.py", line 1416, in execute
    return meth(
  File "/Users/georgy/Documents/College/miniproject/KeyGuard/backend/venv/lib/python3.9/site-packages/sqlalchemy/sql/elements.py", line 516, in _execute_on_connection
    return connection._execute_clauseelement(
  File "/Users/georgy/Documents/College/miniproject/KeyGuard/backend/venv/lib/python3.9/site-packages/sqlalchemy/engine/base.py", line 1639, in _execute_clauseelement
    ret = self._execute_context(
  File "/Users/georgy/Documents/College/miniproject/KeyGuard/backend/venv/lib/python3.9/site-packages/sqlalchemy/engine/base.py", line 1848, in _execute_context
    return self._exec_single_context(
  File "/Users/georgy/Documents/College/miniproject/KeyGuard/backend/venv/lib/python3.9/site-packages/sqlalchemy/engine/base.py", line 1988, in _exec_single_context
    self._handle_dbapi_exception(
  File "/Users/georgy/Documents/College/miniproject/KeyGuard/backend/venv/lib/python3.9/site-packages/sqlalchemy/engine/base.py", line 2343, in _handle_dbapi_exception
    raise sqlalchemy_exception.with_traceback(exc_info[2]) from e
  File "/Users/georgy/Documents/College/miniproject/KeyGuard/backend/venv/lib/python3.9/site-packages/sqlalchemy/engine/base.py", line 1969, in _exec_single_context
    self.dialect.do_execute(
  File "/Users/georgy/Documents/College/miniproject/KeyGuard/backend/venv/lib/python3.9/site-packages/sqlalchemy/engine/default.py", line 922, in do_execute
    cursor.execute(statement, parameters)
sqlalchemy.exc.OperationalError: (sqlite3.OperationalError) attempt to write a readonly database
[SQL: INSERT INTO users (username, email, phone, password_hash, created_at, is_active, training_completed, training_rounds) VALUES (?, ?, ?, ?, ?, ?, ?, ?)]
[parameters: ('alice', 'alice@example.com', '1234567890', '2fbb9e95c01fe721c117e9de547f3c49$d61ab72adb7d698884921b14ee020c9178f6a7defccc63f5a2a26197df3a463c', '2026-03-31 09:48:55.781349', 1, 0, 0)]
(Background on this error at: https://sqlalche.me/e/20/e3q8)
2026-03-31 15:18:56,481 - keyguard_backend - ERROR - Unhandled Exception: (sqlite3.OperationalError) attempt to write a readonly database
[SQL: INSERT INTO users (username, email, phone, password_hash, created_at, is_active, training_completed, training_rounds) VALUES (?, ?, ?, ?, ?, ?, ?, ?)]
[parameters: ('bob', 'bob@example.com', '1234567890', 'a417daf189f3e1699b720406c14a2d83$471c30ac45b0b7e57d7e27aa81f9f24aded820db91fee601764923f463596d6a', '2026-03-31 09:48:56.480678', 1, 0, 0)]
(Background on this error at: https://sqlalche.me/e/20/e3q8)
Traceback (most recent call last):
  File "/Users/georgy/Documents/College/miniproject/KeyGuard/backend/venv/lib/python3.9/site-packages/sqlalchemy/engine/base.py", line 1969, in _exec_single_context
    self.dialect.do_execute(
  File "/Users/georgy/Documents/College/miniproject/KeyGuard/backend/venv/lib/python3.9/site-packages/sqlalchemy/engine/default.py", line 922, in do_execute
    cursor.execute(statement, parameters)
sqlite3.OperationalError: attempt to write a readonly database

The above exception was the direct cause of the following exception:

Traceback (most recent call last):
  File "/Users/georgy/Documents/College/miniproject/KeyGuard/backend/venv/lib/python3.9/site-packages/starlette/middleware/errors.py", line 162, in __call__
    await self.app(scope, receive, _send)
  File "/Users/georgy/Documents/College/miniproject/KeyGuard/backend/venv/lib/python3.9/site-packages/starlette/middleware/cors.py", line 83, in __call__
    await self.app(scope, receive, send)
  File "/Users/georgy/Documents/College/miniproject/KeyGuard/backend/venv/lib/python3.9/site-packages/starlette/middleware/exceptions.py", line 79, in __call__
    raise exc
  File "/Users/georgy/Documents/College/miniproject/KeyGuard/backend/venv/lib/python3.9/site-packages/starlette/middleware/exceptions.py", line 68, in __call__
    await self.app(scope, receive, sender)
  File "/Users/georgy/Documents/College/miniproject/KeyGuard/backend/venv/lib/python3.9/site-packages/fastapi/middleware/asyncexitstack.py", line 20, in __call__
    raise e
  File "/Users/georgy/Documents/College/miniproject/KeyGuard/backend/venv/lib/python3.9/site-packages/fastapi/middleware/asyncexitstack.py", line 17, in __call__
    await self.app(scope, receive, send)
  File "/Users/georgy/Documents/College/miniproject/KeyGuard/backend/venv/lib/python3.9/site-packages/starlette/routing.py", line 718, in __call__
    await route.handle(scope, receive, send)
  File "/Users/georgy/Documents/College/miniproject/KeyGuard/backend/venv/lib/python3.9/site-packages/starlette/routing.py", line 276, in handle
    await self.app(scope, receive, send)
  File "/Users/georgy/Documents/College/miniproject/KeyGuard/backend/venv/lib/python3.9/site-packages/starlette/routing.py", line 66, in app
    response = await func(request)
  File "/Users/georgy/Documents/College/miniproject/KeyGuard/backend/venv/lib/python3.9/site-packages/fastapi/routing.py", line 274, in app
    raw_response = await run_endpoint_function(
  File "/Users/georgy/Documents/College/miniproject/KeyGuard/backend/venv/lib/python3.9/site-packages/fastapi/routing.py", line 191, in run_endpoint_function
    return await dependant.call(**values)
  File "/Users/georgy/Documents/College/miniproject/KeyGuard/backend/tests/../routes/auth.py", line 84, in register
    user = create_user(
  File "/Users/georgy/Documents/College/miniproject/KeyGuard/backend/tests/../database/crud.py", line 19, in create_user
    db.commit()
  File "/Users/georgy/Documents/College/miniproject/KeyGuard/backend/venv/lib/python3.9/site-packages/sqlalchemy/orm/session.py", line 1969, in commit
    trans.commit(_to_root=True)
  File "<string>", line 2, in commit
  File "/Users/georgy/Documents/College/miniproject/KeyGuard/backend/venv/lib/python3.9/site-packages/sqlalchemy/orm/state_changes.py", line 139, in _go
    ret_value = fn(self, *arg, **kw)
  File "/Users/georgy/Documents/College/miniproject/KeyGuard/backend/venv/lib/python3.9/site-packages/sqlalchemy/orm/session.py", line 1256, in commit
    self._prepare_impl()
  File "<string>", line 2, in _prepare_impl
  File "/Users/georgy/Documents/College/miniproject/KeyGuard/backend/venv/lib/python3.9/site-packages/sqlalchemy/orm/state_changes.py", line 139, in _go
    ret_value = fn(self, *arg, **kw)
  File "/Users/georgy/Documents/College/miniproject/KeyGuard/backend/venv/lib/python3.9/site-packages/sqlalchemy/orm/session.py", line 1231, in _prepare_impl
    self.session.flush()
  File "/Users/georgy/Documents/College/miniproject/KeyGuard/backend/venv/lib/python3.9/site-packages/sqlalchemy/orm/session.py", line 4312, in flush
    self._flush(objects)
  File "/Users/georgy/Documents/College/miniproject/KeyGuard/backend/venv/lib/python3.9/site-packages/sqlalchemy/orm/session.py", line 4448, in _flush
    transaction.rollback(_capture_exception=True)
  File "/Users/georgy/Documents/College/miniproject/KeyGuard/backend/venv/lib/python3.9/site-packages/sqlalchemy/util/langhelpers.py", line 146, in __exit__
    raise exc_value.with_traceback(exc_tb)
  File "/Users/georgy/Documents/College/miniproject/KeyGuard/backend/venv/lib/python3.9/site-packages/sqlalchemy/orm/session.py", line 4408, in _flush
    flush_context.execute()
  File "/Users/georgy/Documents/College/miniproject/KeyGuard/backend/venv/lib/python3.9/site-packages/sqlalchemy/orm/unitofwork.py", line 466, in execute
    rec.execute(self)
  File "/Users/georgy/Documents/College/miniproject/KeyGuard/backend/venv/lib/python3.9/site-packages/sqlalchemy/orm/unitofwork.py", line 642, in execute
    util.preloaded.orm_persistence.save_obj(
  File "/Users/georgy/Documents/College/miniproject/KeyGuard/backend/venv/lib/python3.9/site-packages/sqlalchemy/orm/persistence.py", line 93, in save_obj
    _emit_insert_statements(
  File "/Users/georgy/Documents/College/miniproject/KeyGuard/backend/venv/lib/python3.9/site-packages/sqlalchemy/orm/persistence.py", line 1226, in _emit_insert_statements
    result = connection.execute(
  File "/Users/georgy/Documents/College/miniproject/KeyGuard/backend/venv/lib/python3.9/site-packages/sqlalchemy/engine/base.py", line 1416, in execute
    return meth(
  File "/Users/georgy/Documents/College/miniproject/KeyGuard/backend/venv/lib/python3.9/site-packages/sqlalchemy/sql/elements.py", line 516, in _execute_on_connection
    return connection._execute_clauseelement(
  File "/Users/georgy/Documents/College/miniproject/KeyGuard/backend/venv/lib/python3.9/site-packages/sqlalchemy/engine/base.py", line 1639, in _execute_clauseelement
    ret = self._execute_context(
  File "/Users/georgy/Documents/College/miniproject/KeyGuard/backend/venv/lib/python3.9/site-packages/sqlalchemy/engine/base.py", line 1848, in _execute_context
    return self._exec_single_context(
  File "/Users/georgy/Documents/College/miniproject/KeyGuard/backend/venv/lib/python3.9/site-packages/sqlalchemy/engine/base.py", line 1988, in _exec_single_context
    self._handle_dbapi_exception(
  File "/Users/georgy/Documents/College/miniproject/KeyGuard/backend/venv/lib/python3.9/site-packages/sqlalchemy/engine/base.py", line 2343, in _handle_dbapi_exception
    raise sqlalchemy_exception.with_traceback(exc_info[2]) from e
  File "/Users/georgy/Documents/College/miniproject/KeyGuard/backend/venv/lib/python3.9/site-packages/sqlalchemy/engine/base.py", line 1969, in _exec_single_context
    self.dialect.do_execute(
  File "/Users/georgy/Documents/College/miniproject/KeyGuard/backend/venv/lib/python3.9/site-packages/sqlalchemy/engine/default.py", line 922, in do_execute
    cursor.execute(statement, parameters)
sqlalchemy.exc.OperationalError: (sqlite3.OperationalError) attempt to write a readonly database
[SQL: INSERT INTO users (username, email, phone, password_hash, created_at, is_active, training_completed, training_rounds) VALUES (?, ?, ?, ?, ?, ?, ?, ?)]
[parameters: ('bob', 'bob@example.com', '1234567890', 'a417daf189f3e1699b720406c14a2d83$471c30ac45b0b7e57d7e27aa81f9f24aded820db91fee601764923f463596d6a', '2026-03-31 09:48:56.480678', 1, 0, 0)]
(Background on this error at: https://sqlalche.me/e/20/e3q8)
2026-03-31 15:18:57,086 - keyguard_backend - INFO - Starting capture session for newuser
2026-03-31 15:18:57,088 - keyguard_backend - ERROR - Error starting capture session: (sqlite3.OperationalError) attempt to write a readonly database
[SQL: INSERT INTO users (username, email, phone, password_hash, created_at, is_active, training_completed, training_rounds) VALUES (?, ?, ?, ?, ?, ?, ?, ?)]
[parameters: ('newuser', 'newuser@keyguard.local', None, None, '2026-03-31 09:48:57.088102', 1, 0, 0)]
(Background on this error at: https://sqlalche.me/e/20/e3q8)
Traceback (most recent call last):
  File "/Users/georgy/Documents/College/miniproject/KeyGuard/backend/venv/lib/python3.9/site-packages/sqlalchemy/engine/base.py", line 1969, in _exec_single_context
    self.dialect.do_execute(
  File "/Users/georgy/Documents/College/miniproject/KeyGuard/backend/venv/lib/python3.9/site-packages/sqlalchemy/engine/default.py", line 922, in do_execute
    cursor.execute(statement, parameters)
sqlite3.OperationalError: attempt to write a readonly database

The above exception was the direct cause of the following exception:

Traceback (most recent call last):
  File "/Users/georgy/Documents/College/miniproject/KeyGuard/backend/tests/../routes/capture.py", line 45, in start_capture_session
    user = create_user(db, username, f"{username}@keyguard.local")
  File "/Users/georgy/Documents/College/miniproject/KeyGuard/backend/tests/../database/crud.py", line 19, in create_user
    db.commit()
  File "/Users/georgy/Documents/College/miniproject/KeyGuard/backend/venv/lib/python3.9/site-packages/sqlalchemy/orm/session.py", line 1969, in commit
    trans.commit(_to_root=True)
  File "<string>", line 2, in commit
  File "/Users/georgy/Documents/College/miniproject/KeyGuard/backend/venv/lib/python3.9/site-packages/sqlalchemy/orm/state_changes.py", line 139, in _go
    ret_value = fn(self, *arg, **kw)
  File "/Users/georgy/Documents/College/miniproject/KeyGuard/backend/venv/lib/python3.9/site-packages/sqlalchemy/orm/session.py", line 1256, in commit
    self._prepare_impl()
  File "<string>", line 2, in _prepare_impl
  File "/Users/georgy/Documents/College/miniproject/KeyGuard/backend/venv/lib/python3.9/site-packages/sqlalchemy/orm/state_changes.py", line 139, in _go
    ret_value = fn(self, *arg, **kw)
  File "/Users/georgy/Documents/College/miniproject/KeyGuard/backend/venv/lib/python3.9/site-packages/sqlalchemy/orm/session.py", line 1231, in _prepare_impl
    self.session.flush()
  File "/Users/georgy/Documents/College/miniproject/KeyGuard/backend/venv/lib/python3.9/site-packages/sqlalchemy/orm/session.py", line 4312, in flush
    self._flush(objects)
  File "/Users/georgy/Documents/College/miniproject/KeyGuard/backend/venv/lib/python3.9/site-packages/sqlalchemy/orm/session.py", line 4448, in _flush
    transaction.rollback(_capture_exception=True)
  File "/Users/georgy/Documents/College/miniproject/KeyGuard/backend/venv/lib/python3.9/site-packages/sqlalchemy/util/langhelpers.py", line 146, in __exit__
    raise exc_value.with_traceback(exc_tb)
  File "/Users/georgy/Documents/College/miniproject/KeyGuard/backend/venv/lib/python3.9/site-packages/sqlalchemy/orm/session.py", line 4408, in _flush
    flush_context.execute()
  File "/Users/georgy/Documents/College/miniproject/KeyGuard/backend/venv/lib/python3.9/site-packages/sqlalchemy/orm/unitofwork.py", line 466, in execute
    rec.execute(self)
  File "/Users/georgy/Documents/College/miniproject/KeyGuard/backend/venv/lib/python3.9/site-packages/sqlalchemy/orm/unitofwork.py", line 642, in execute
    util.preloaded.orm_persistence.save_obj(
  File "/Users/georgy/Documents/College/miniproject/KeyGuard/backend/venv/lib/python3.9/site-packages/sqlalchemy/orm/persistence.py", line 93, in save_obj
    _emit_insert_statements(
  File "/Users/georgy/Documents/College/miniproject/KeyGuard/backend/venv/lib/python3.9/site-packages/sqlalchemy/orm/persistence.py", line 1226, in _emit_insert_statements
    result = connection.execute(
  File "/Users/georgy/Documents/College/miniproject/KeyGuard/backend/venv/lib/python3.9/site-packages/sqlalchemy/engine/base.py", line 1416, in execute
    return meth(
  File "/Users/georgy/Documents/College/miniproject/KeyGuard/backend/venv/lib/python3.9/site-packages/sqlalchemy/sql/elements.py", line 516, in _execute_on_connection
    return connection._execute_clauseelement(
  File "/Users/georgy/Documents/College/miniproject/KeyGuard/backend/venv/lib/python3.9/site-packages/sqlalchemy/engine/base.py", line 1639, in _execute_clauseelement
    ret = self._execute_context(
  File "/Users/georgy/Documents/College/miniproject/KeyGuard/backend/venv/lib/python3.9/site-packages/sqlalchemy/engine/base.py", line 1848, in _execute_context
    return self._exec_single_context(
  File "/Users/georgy/Documents/College/miniproject/KeyGuard/backend/venv/lib/python3.9/site-packages/sqlalchemy/engine/base.py", line 1988, in _exec_single_context
    self._handle_dbapi_exception(
  File "/Users/georgy/Documents/College/miniproject/KeyGuard/backend/venv/lib/python3.9/site-packages/sqlalchemy/engine/base.py", line 2343, in _handle_dbapi_exception
    raise sqlalchemy_exception.with_traceback(exc_info[2]) from e
  File "/Users/georgy/Documents/College/miniproject/KeyGuard/backend/venv/lib/python3.9/site-packages/sqlalchemy/engine/base.py", line 1969, in _exec_single_context
    self.dialect.do_execute(
  File "/Users/georgy/Documents/College/miniproject/KeyGuard/backend/venv/lib/python3.9/site-packages/sqlalchemy/engine/default.py", line 922, in do_execute
    cursor.execute(statement, parameters)
sqlalchemy.exc.OperationalError: (sqlite3.OperationalError) attempt to write a readonly database
[SQL: INSERT INTO users (username, email, phone, password_hash, created_at, is_active, training_completed, training_rounds) VALUES (?, ?, ?, ?, ?, ?, ?, ?)]
[parameters: ('newuser', 'newuser@keyguard.local', None, None, '2026-03-31 09:48:57.088102', 1, 0, 0)]
(Background on this error at: https://sqlalche.me/e/20/e3q8)
2026-03-31 15:18:57,093 - keyguard_backend - ERROR - HTTP Exception: 500 - Session start error: (sqlite3.OperationalError) attempt to write a readonly database
[SQL: INSERT INTO users (username, email, phone, password_hash, created_at, is_active, training_completed, training_rounds) VALUES (?, ?, ?, ?, ?, ?, ?, ?)]
[parameters: ('newuser', 'newuser@keyguard.local', None, None, '2026-03-31 09:48:57.088102', 1, 0, 0)]
(Background on this error at: https://sqlalche.me/e/20/e3q8)
2026-03-31 15:18:59,471 - keyguard_backend - INFO - Training request for nonexistent with 1 keystrokes (round None)
2026-03-31 15:18:59,472 - keyguard_backend - WARNING - User not found: nonexistent
2026-03-31 15:18:59,472 - keyguard_backend - ERROR - HTTP Exception: 404 - User not found
2026-03-31 15:18:59,650 - keyguard_backend - DEBUG - Extracted features: {'dwell_time': 50.0, 'flight_time': 66.66666666666667, 'key_press_rate': 5.714285714285714, 'key_release_interval': 100.0, 'typing_speed': 102.85714285714285}
2026-03-31 15:18:59,651 - keyguard_backend - WARNING - Invalid keystroke at index 1: {'key': 'b', 'key_press_time': 1150, 'key_release_time': 1000}
2026-03-31 15:18:59,652 - keyguard_backend - DEBUG - Removing keystroke with anomalous dwell time: 1500ms
2026-03-31 15:18:59,653 - keyguard_backend - DEBUG - Decision logic - RF prob: 0.95, SVM score: 0.8
2026-03-31 15:18:59,653 - keyguard_backend - INFO - Detection decision: normal - ['RF: High confidence in normal (prob=0.95)', 'SVM: Normal behavior detected']
2026-03-31 15:18:59,654 - keyguard_backend - DEBUG - Decision logic - RF prob: 0.45, SVM score: 0.5
2026-03-31 15:18:59,654 - keyguard_backend - INFO - Detection decision: suspicious - ['RF: Suspicious behavior (prob=0.45)', 'SVM: Normal behavior detected']
2026-03-31 15:18:59,655 - keyguard_backend - DEBUG - Decision logic - RF prob: 0.2, SVM score: -0.8
2026-03-31 15:18:59,655 - keyguard_backend - INFO - Detection decision: intrusion - ['RF: Low confidence in normal (prob=0.20)', 'SVM: Anomaly detected (score=-0.80)']
2026-03-31 15:18:59,659 - keyguard_backend - DEBUG - Extracted features: {'dwell_time': 50.0, 'flight_time': 80.0, 'key_press_rate': 6.153846153846153, 'key_release_interval': 100.0, 'typing_speed': 92.3076923076923}
