2026-03-31 15:17:06,626 - keyguard_backend - INFO - Database tables created/verified
2026-03-31 15:17:06,830 - keyguard_backend - INFO - Registered new user alice
2026-03-31 15:17:06,890 - keyguard_backend - INFO - User alice logged in
2026-03-31 15:17:06,962 - keyguard_backend - INFO - Registered new user bob
2026-03-31 15:17:07,011 - keyguard_backend - ERROR - HTTP Exception: 401 - Invalid credentials
2026-03-31 15:17:07,028 - keyguard_backend - INFO - Starting capture session for newuser
2026-03-31 15:17:07,030 - keyguard_backend - INFO - Created new user: newuser
2026-03-31 15:17:07,032 - keyguard_backend - INFO - Created new capture session 1 for newuser
2026-03-31 15:17:07,050 - keyguard_backend - INFO - Starting capture session for testuser
2026-03-31 15:17:07,052 - keyguard_backend - INFO - Returning existing active session for testuser
2026-03-31 15:17:07,072 - keyguard_backend - DEBUG - Session active for testuser
2026-03-31 15:17:07,121 - keyguard_backend - INFO - Training request for testuser with 15 keystrokes (round 1)
2026-03-31 15:17:07,123 - keyguard_backend - DEBUG - Extracted features: {'dwell_time': 50.0, 'flight_time': 65.33333333333333, 'key_press_rate': 8.092485549132949, 'key_release_interval': 70.0, 'typing_speed': 104.04624277456648}
2026-03-31 15:17:07,123 - keyguard_backend - DEBUG - ML Model Features - Dwells: 15, Flights: 14, Total: 31
2026-03-31 15:17:07,123 - keyguard_backend - DEBUG - Feature vector: [50.0, 50.0, 50.0, 50.0, 50.0, 50.0, 50.0, 50.0, 50.0, 50.0, 50.0, 50.0, 50.0, 50.0, 50.0, 70.0, 70.0, 70.0, 70.0, 70.0, 70.0, 70.0, 70.0, 70.0, 70.0, 70.0, 70.0, 70.0, 70.0, 59.6551724137931, 59.6551724137931]
2026-03-31 15:17:07,123 - keyguard_backend - INFO - Training with aggregated features: {'dwell_time': 50.0, 'flight_time': 65.33333333333333, 'key_press_rate': 8.092485549132949, 'key_release_interval': 70.0, 'typing_speed': 104.04624277456648}
2026-03-31 15:17:07,124 - keyguard_backend - INFO - Training with ML model features (count=31): [50.0, 50.0, 50.0, 50.0, 50.0, 50.0, 50.0, 50.0, 50.0, 50.0, 50.0, 50.0, 50.0, 50.0, 50.0, 70.0, 70.0, 70.0, 70.0, 70.0, 70.0, 70.0, 70.0, 70.0, 70.0, 70.0, 70.0, 70.0, 70.0, 59.6551724137931, 59.6551724137931]
2026-03-31 15:17:07,134 - keyguard_backend - INFO - Updated behavior profile for user testuser (round 1, trained_rounds=1)
2026-03-31 15:17:07,136 - keyguard_backend - INFO - Training request for testuser with 15 keystrokes (round 2)
2026-03-31 15:17:07,137 - keyguard_backend - DEBUG - Extracted features: {'dwell_time': 50.0, 'flight_time': 65.33333333333333, 'key_press_rate': 8.092485549132949, 'key_release_interval': 70.0, 'typing_speed': 104.04624277456648}
2026-03-31 15:17:07,137 - keyguard_backend - DEBUG - ML Model Features - Dwells: 15, Flights: 14, Total: 31
2026-03-31 15:17:07,137 - keyguard_backend - DEBUG - Feature vector: [50.0, 50.0, 50.0, 50.0, 50.0, 50.0, 50.0, 50.0, 50.0, 50.0, 50.0, 50.0, 50.0, 50.0, 50.0, 70.0, 70.0, 70.0, 70.0, 70.0, 70.0, 70.0, 70.0, 70.0, 70.0, 70.0, 70.0, 70.0, 70.0, 59.6551724137931, 59.6551724137931]
2026-03-31 15:17:07,137 - keyguard_backend - INFO - Training with aggregated features: {'dwell_time': 50.0, 'flight_time': 65.33333333333333, 'key_press_rate': 8.092485549132949, 'key_release_interval': 70.0, 'typing_speed': 104.04624277456648}
2026-03-31 15:17:07,138 - keyguard_backend - INFO - Training with ML model features (count=31): [50.0, 50.0, 50.0, 50.0, 50.0, 50.0, 50.0, 50.0, 50.0, 50.0, 50.0, 50.0, 50.0, 50.0, 50.0, 70.0, 70.0, 70.0, 70.0, 70.0, 70.0, 70.0, 70.0, 70.0, 70.0, 70.0, 70.0, 70.0, 70.0, 59.6551724137931, 59.6551724137931]
2026-03-31 15:17:07,145 - keyguard_backend - INFO - Updated behavior profile for user testuser (round 2, trained_rounds=2)
2026-03-31 15:17:07,147 - keyguard_backend - INFO - Training request for testuser with 15 keystrokes (round 3)
2026-03-31 15:17:07,147 - keyguard_backend - DEBUG - Extracted features: {'dwell_time': 50.0, 'flight_time': 65.33333333333333, 'key_press_rate': 8.092485549132949, 'key_release_interval': 70.0, 'typing_speed': 104.04624277456648}
2026-03-31 15:17:07,148 - keyguard_backend - DEBUG - ML Model Features - Dwells: 15, Flights: 14, Total: 31
2026-03-31 15:17:07,148 - keyguard_backend - DEBUG - Feature vector: [50.0, 50.0, 50.0, 50.0, 50.0, 50.0, 50.0, 50.0, 50.0, 50.0, 50.0, 50.0, 50.0, 50.0, 50.0, 70.0, 70.0, 70.0, 70.0, 70.0, 70.0, 70.0, 70.0, 70.0, 70.0, 70.0, 70.0, 70.0, 70.0, 59.6551724137931, 59.6551724137931]
2026-03-31 15:17:07,148 - keyguard_backend - INFO - Training with aggregated features: {'dwell_time': 50.0, 'flight_time': 65.33333333333333, 'key_press_rate': 8.092485549132949, 'key_release_interval': 70.0, 'typing_speed': 104.04624277456648}
2026-03-31 15:17:07,149 - keyguard_backend - INFO - Training with ML model features (count=31): [50.0, 50.0, 50.0, 50.0, 50.0, 50.0, 50.0, 50.0, 50.0, 50.0, 50.0, 50.0, 50.0, 50.0, 50.0, 70.0, 70.0, 70.0, 70.0, 70.0, 70.0, 70.0, 70.0, 70.0, 70.0, 70.0, 70.0, 70.0, 70.0, 59.6551724137931, 59.6551724137931]
2026-03-31 15:17:07,155 - keyguard_backend - INFO - Updated behavior profile for user testuser (round 3, trained_rounds=3)
2026-03-31 15:17:07,157 - keyguard_backend - INFO - Prediction request from testuser with 15 keystrokes (test: None)
2026-03-31 15:17:07,158 - keyguard_backend - DEBUG - Extracted features: {'dwell_time': 200.0, 'flight_time': 186.66666666666666, 'key_press_rate': 2.413793103448276, 'key_release_interval': 200.0, 'typing_speed': 31.03448275862069}
2026-03-31 15:17:07,158 - keyguard_backend - DEBUG - ML Model Features - Dwells: 15, Flights: 14, Total: 31
2026-03-31 15:17:07,159 - keyguard_backend - DEBUG - Feature vector: [200.0, 200.0, 200.0, 200.0, 200.0, 200.0, 200.0, 200.0, 200.0, 200.0, 200.0, 200.0, 200.0, 200.0, 200.0, 200.0, 200.0, 200.0, 200.0, 200.0, 200.0, 200.0, 200.0, 200.0, 200.0, 200.0, 200.0, 200.0, 200.0, 200.0, 200.0]
2026-03-31 15:17:07,159 - keyguard_backend - DEBUG - Aggregated features: {'dwell_time': 200.0, 'flight_time': 186.66666666666666, 'key_press_rate': 2.413793103448276, 'key_release_interval': 200.0, 'typing_speed': 31.03448275862069}
2026-03-31 15:17:07,159 - keyguard_backend - DEBUG - ML model features (count=31): [200.0, 200.0, 200.0, 200.0, 200.0, 200.0, 200.0, 200.0, 200.0, 200.0, 200.0, 200.0, 200.0, 200.0, 200.0, 200.0, 200.0, 200.0, 200.0, 200.0, 200.0, 200.0, 200.0, 200.0, 200.0, 200.0, 200.0, 200.0, 200.0, 200.0, 200.0]
2026-03-31 15:17:07,162 - keyguard_backend - INFO - Prediction result for testuser: INTRUDER (0.99)
2026-03-31 15:17:07,180 - keyguard_backend - INFO - Prediction request from testuser with 5 keystrokes (test: None)
2026-03-31 15:17:07,181 - keyguard_backend - DEBUG - Extracted features: {'dwell_time': 50.0, 'flight_time': 80.0, 'key_press_rate': 6.153846153846153, 'key_release_interval': 100.0, 'typing_speed': 92.3076923076923}
2026-03-31 15:17:07,182 - keyguard_backend - DEBUG - ML Model Features - Dwells: 5, Flights: 4, Total: 31
2026-03-31 15:17:07,182 - keyguard_backend - DEBUG - Feature vector: [50.0, 50.0, 50.0, 50.0, 50.0, 100.0, 100.0, 100.0, 100.0, 72.22222222222223, 72.22222222222223, 72.22222222222223, 72.22222222222223, 72.22222222222223, 72.22222222222223, 72.22222222222223, 72.22222222222223, 72.22222222222223, 72.22222222222223, 72.22222222222223, 72.22222222222223, 72.22222222222223, 72.22222222222223, 72.22222222222223, 72.22222222222223, 72.22222222222223, 72.22222222222223, 72.22222222222223, 72.22222222222223, 72.22222222222223, 72.22222222222223]
2026-03-31 15:17:07,182 - keyguard_backend - DEBUG - Aggregated features: {'dwell_time': 50.0, 'flight_time': 80.0, 'key_press_rate': 6.153846153846153, 'key_release_interval': 100.0, 'typing_speed': 92.3076923076923}
2026-03-31 15:17:07,182 - keyguard_backend - DEBUG - ML model features (count=31): [50.0, 50.0, 50.0, 50.0, 50.0, 100.0, 100.0, 100.0, 100.0, 72.22222222222223, 72.22222222222223, 72.22222222222223, 72.22222222222223, 72.22222222222223, 72.22222222222223, 72.22222222222223, 72.22222222222223, 72.22222222222223, 72.22222222222223, 72.22222222222223, 72.22222222222223, 72.22222222222223, 72.22222222222223, 72.22222222222223, 72.22222222222223, 72.22222222222223, 72.22222222222223, 72.22222222222223, 72.22222222222223, 72.22222222222223, 72.22222222222223]
2026-03-31 15:17:07,183 - keyguard_backend - INFO - Prediction result for testuser: NORMAL (0.00)
2026-03-31 15:17:07,202 - keyguard_backend - INFO - Prediction request from nonexistent with 1 keystrokes (test: None)
2026-03-31 15:17:07,203 - keyguard_backend - WARNING - User not found: nonexistent
2026-03-31 15:17:07,203 - keyguard_backend - ERROR - HTTP Exception: 404 - User not found
2026-03-31 15:17:07,240 - keyguard_backend - INFO - Training request for testuser with 15 keystrokes (round None)
2026-03-31 15:17:07,241 - keyguard_backend - DEBUG - Extracted features: {'dwell_time': 50.0, 'flight_time': 46.666666666666664, 'key_press_rate': 9.655172413793103, 'key_release_interval': 50.0, 'typing_speed': 124.13793103448276}
2026-03-31 15:17:07,241 - keyguard_backend - DEBUG - ML Model Features - Dwells: 15, Flights: 14, Total: 31
2026-03-31 15:17:07,241 - keyguard_backend - DEBUG - Feature vector: [50.0, 50.0, 50.0, 50.0, 50.0, 50.0, 50.0, 50.0, 50.0, 50.0, 50.0, 50.0, 50.0, 50.0, 50.0, 50.0, 50.0, 50.0, 50.0, 50.0, 50.0, 50.0, 50.0, 50.0, 50.0, 50.0, 50.0, 50.0, 50.0, 50.0, 50.0]
2026-03-31 15:17:07,241 - keyguard_backend - INFO - Training with aggregated features: {'dwell_time': 50.0, 'flight_time': 46.666666666666664, 'key_press_rate': 9.655172413793103, 'key_release_interval': 50.0, 'typing_speed': 124.13793103448276}
2026-03-31 15:17:07,241 - keyguard_backend - INFO - Training with ML model features (count=31): [50.0, 50.0, 50.0, 50.0, 50.0, 50.0, 50.0, 50.0, 50.0, 50.0, 50.0, 50.0, 50.0, 50.0, 50.0, 50.0, 50.0, 50.0, 50.0, 50.0, 50.0, 50.0, 50.0, 50.0, 50.0, 50.0, 50.0, 50.0, 50.0, 50.0, 50.0]
2026-03-31 15:17:07,249 - keyguard_backend - INFO - Updated behavior profile for user testuser (round None, trained_rounds=1)
2026-03-31 15:17:07,267 - keyguard_backend - INFO - Training request for nonexistent with 1 keystrokes (round None)
2026-03-31 15:17:07,268 - keyguard_backend - WARNING - User not found: nonexistent
2026-03-31 15:17:07,269 - keyguard_backend - ERROR - HTTP Exception: 404 - User not found
2026-03-31 15:17:07,309 - keyguard_backend - DEBUG - Extracted features: {'dwell_time': 50.0, 'flight_time': 66.66666666666667, 'key_press_rate': 5.714285714285714, 'key_release_interval': 100.0, 'typing_speed': 102.85714285714285}
2026-03-31 15:17:07,309 - keyguard_backend - WARNING - Invalid keystroke at index 1: {'key': 'b', 'key_press_time': 1150, 'key_release_time': 1000}
2026-03-31 15:17:07,311 - keyguard_backend - DEBUG - Removing keystroke with anomalous dwell time: 1500ms
2026-03-31 15:17:07,311 - keyguard_backend - DEBUG - Decision logic - RF prob: 0.95, SVM score: 0.8
2026-03-31 15:17:07,311 - keyguard_backend - INFO - Detection decision: normal - ['RF: High confidence in normal (prob=0.95)', 'SVM: Normal behavior detected']
2026-03-31 15:17:07,312 - keyguard_backend - DEBUG - Decision logic - RF prob: 0.45, SVM score: 0.5
2026-03-31 15:17:07,312 - keyguard_backend - INFO - Detection decision: suspicious - ['RF: Suspicious behavior (prob=0.45)', 'SVM: Normal behavior detected']
2026-03-31 15:17:07,313 - keyguard_backend - DEBUG - Decision logic - RF prob: 0.2, SVM score: -0.8
2026-03-31 15:17:07,313 - keyguard_backend - INFO - Detection decision: intrusion - ['RF: Low confidence in normal (prob=0.20)', 'SVM: Anomaly detected (score=-0.80)']
2026-03-31 15:17:07,318 - keyguard_backend - DEBUG - Extracted features: {'dwell_time': 50.0, 'flight_time': 80.0, 'key_press_rate': 6.153846153846153, 'key_release_interval': 100.0, 'typing_speed': 92.3076923076923}
