2026-03-31 14:43:10,707 - keyguard_backend - INFO - Loaded model from /Users/georgy/Documents/College/miniproject/KeyGuard/backend/models/random_forest_model.pkl
2026-03-31 14:43:10,708 - keyguard_backend - INFO - Loaded model from /Users/georgy/Documents/College/miniproject/KeyGuard/backend/models/one_class_svm_model.pkl
2026-03-31 14:43:10,708 - keyguard_backend - INFO - Loaded scaler from /Users/georgy/Documents/College/miniproject/KeyGuard/backend/models/scaler.pkl
2026-03-31 14:43:10,714 - keyguard_backend - INFO - Database tables created/verified
2026-03-31 14:43:10,805 - keyguard_backend - INFO - Starting capture session for newuser
2026-03-31 14:43:10,809 - keyguard_backend - INFO - Created new user: newuser
2026-03-31 14:43:10,811 - keyguard_backend - INFO - Created new capture session 1 for newuser
2026-03-31 14:43:10,824 - keyguard_backend - INFO - Starting capture session for testuser
2026-03-31 14:43:10,825 - keyguard_backend - INFO - Returning existing active session for testuser
2026-03-31 14:43:10,837 - keyguard_backend - DEBUG - Session active for testuser
2026-03-31 14:43:10,872 - keyguard_backend - INFO - Training request for testuser with 15 keystrokes (round 1)
2026-03-31 14:43:10,873 - keyguard_backend - DEBUG - Extracted features: {'dwell_time': 50.0, 'flight_time': 65.33333333333333, 'key_press_rate': 8.092485549132949, 'key_release_interval': 70.0, 'typing_speed': 50.0}
2026-03-31 14:43:10,874 - keyguard_backend - DEBUG - ML Model Features - Dwells: 15, Flights: 14, Total: 31
2026-03-31 14:43:10,874 - keyguard_backend - DEBUG - Feature vector: [50.0, 50.0, 50.0, 50.0, 50.0, 50.0, 50.0, 50.0, 50.0, 50.0, 50.0, 50.0, 50.0, 50.0, 50.0, 70.0, 70.0, 70.0, 70.0, 70.0, 70.0, 70.0, 70.0, 70.0, 70.0, 70.0, 70.0, 70.0, 70.0, 59.6551724137931, 59.6551724137931]
2026-03-31 14:43:10,874 - keyguard_backend - INFO - Training with aggregated features: {'dwell_time': 50.0, 'flight_time': 65.33333333333333, 'key_press_rate': 8.092485549132949, 'key_release_interval': 70.0, 'typing_speed': 50.0}
2026-03-31 14:43:10,874 - keyguard_backend - INFO - Training with ML model features (count=31): [50.0, 50.0, 50.0, 50.0, 50.0, 50.0, 50.0, 50.0, 50.0, 50.0, 50.0, 50.0, 50.0, 50.0, 50.0, 70.0, 70.0, 70.0, 70.0, 70.0, 70.0, 70.0, 70.0, 70.0, 70.0, 70.0, 70.0, 70.0, 70.0, 59.6551724137931, 59.6551724137931]
2026-03-31 14:43:10,883 - keyguard_backend - INFO - Updated behavior profile for user testuser (round 1, trained_rounds=1)
2026-03-31 14:43:10,886 - keyguard_backend - INFO - Training request for testuser with 15 keystrokes (round 2)
2026-03-31 14:43:10,887 - keyguard_backend - DEBUG - Extracted features: {'dwell_time': 50.0, 'flight_time': 65.33333333333333, 'key_press_rate': 8.092485549132949, 'key_release_interval': 70.0, 'typing_speed': 50.0}
2026-03-31 14:43:10,887 - keyguard_backend - DEBUG - ML Model Features - Dwells: 15, Flights: 14, Total: 31
2026-03-31 14:43:10,887 - keyguard_backend - DEBUG - Feature vector: [50.0, 50.0, 50.0, 50.0, 50.0, 50.0, 50.0, 50.0, 50.0, 50.0, 50.0, 50.0, 50.0, 50.0, 50.0, 70.0, 70.0, 70.0, 70.0, 70.0, 70.0, 70.0, 70.0, 70.0, 70.0, 70.0, 70.0, 70.0, 70.0, 59.6551724137931, 59.6551724137931]
2026-03-31 14:43:10,887 - keyguard_backend - INFO - Training with aggregated features: {'dwell_time': 50.0, 'flight_time': 65.33333333333333, 'key_press_rate': 8.092485549132949, 'key_release_interval': 70.0, 'typing_speed': 50.0}
2026-03-31 14:43:10,887 - keyguard_backend - INFO - Training with ML model features (count=31): [50.0, 50.0, 50.0, 50.0, 50.0, 50.0, 50.0, 50.0, 50.0, 50.0, 50.0, 50.0, 50.0, 50.0, 50.0, 70.0, 70.0, 70.0, 70.0, 70.0, 70.0, 70.0, 70.0, 70.0, 70.0, 70.0, 70.0, 70.0, 70.0, 59.6551724137931, 59.6551724137931]
2026-03-31 14:43:10,892 - keyguard_backend - INFO - Updated behavior profile for user testuser (round 2, trained_rounds=2)
2026-03-31 14:43:10,893 - keyguard_backend - INFO - Training request for testuser with 15 keystrokes (round 3)
2026-03-31 14:43:10,894 - keyguard_backend - DEBUG - Extracted features: {'dwell_time': 50.0, 'flight_time': 65.33333333333333, 'key_press_rate': 8.092485549132949, 'key_release_interval': 70.0, 'typing_speed': 50.0}
2026-03-31 14:43:10,894 - keyguard_backend - DEBUG - ML Model Features - Dwells: 15, Flights: 14, Total: 31
2026-03-31 14:43:10,894 - keyguard_backend - DEBUG - Feature vector: [50.0, 50.0, 50.0, 50.0, 50.0, 50.0, 50.0, 50.0, 50.0, 50.0, 50.0, 50.0, 50.0, 50.0, 50.0, 70.0, 70.0, 70.0, 70.0, 70.0, 70.0, 70.0, 70.0, 70.0, 70.0, 70.0, 70.0, 70.0, 70.0, 59.6551724137931, 59.6551724137931]
2026-03-31 14:43:10,894 - keyguard_backend - INFO - Training with aggregated features: {'dwell_time': 50.0, 'flight_time': 65.33333333333333, 'key_press_rate': 8.092485549132949, 'key_release_interval': 70.0, 'typing_speed': 50.0}
2026-03-31 14:43:10,894 - keyguard_backend - INFO - Training with ML model features (count=31): [50.0, 50.0, 50.0, 50.0, 50.0, 50.0, 50.0, 50.0, 50.0, 50.0, 50.0, 50.0, 50.0, 50.0, 50.0, 70.0, 70.0, 70.0, 70.0, 70.0, 70.0, 70.0, 70.0, 70.0, 70.0, 70.0, 70.0, 70.0, 70.0, 59.6551724137931, 59.6551724137931]
2026-03-31 14:43:10,899 - keyguard_backend - INFO - Updated behavior profile for user testuser (round 3, trained_rounds=3)
2026-03-31 14:43:10,901 - keyguard_backend - INFO - Prediction request from testuser with 15 keystrokes (test: None)
2026-03-31 14:43:10,901 - keyguard_backend - DEBUG - Extracted features: {'dwell_time': 200.0, 'flight_time': 186.66666666666666, 'key_press_rate': 2.413793103448276, 'key_release_interval': 200.0, 'typing_speed': 200.0}
2026-03-31 14:43:10,901 - keyguard_backend - DEBUG - ML Model Features - Dwells: 15, Flights: 14, Total: 31
2026-03-31 14:43:10,901 - keyguard_backend - DEBUG - Feature vector: [200.0, 200.0, 200.0, 200.0, 200.0, 200.0, 200.0, 200.0, 200.0, 200.0, 200.0, 200.0, 200.0, 200.0, 200.0, 200.0, 200.0, 200.0, 200.0, 200.0, 200.0, 200.0, 200.0, 200.0, 200.0, 200.0, 200.0, 200.0, 200.0, 200.0, 200.0]
2026-03-31 14:43:10,902 - keyguard_backend - DEBUG - Aggregated features: {'dwell_time': 200.0, 'flight_time': 186.66666666666666, 'key_press_rate': 2.413793103448276, 'key_release_interval': 200.0, 'typing_speed': 200.0}
2026-03-31 14:43:10,902 - keyguard_backend - DEBUG - ML model features (count=31): [200.0, 200.0, 200.0, 200.0, 200.0, 200.0, 200.0, 200.0, 200.0, 200.0, 200.0, 200.0, 200.0, 200.0, 200.0, 200.0, 200.0, 200.0, 200.0, 200.0, 200.0, 200.0, 200.0, 200.0, 200.0, 200.0, 200.0, 200.0, 200.0, 200.0, 200.0]
2026-03-31 14:43:10,945 - keyguard_backend - DEBUG - RF Prediction: 64, Confidence: 0.23624603174603176
2026-03-31 14:43:10,945 - keyguard_backend - DEBUG - SVM Prediction: -1, Decision Score: -2.119114971449844
2026-03-31 14:43:10,948 - keyguard_backend - INFO - Prediction result for testuser: INTRUDER (0.99)
2026-03-31 14:43:10,961 - keyguard_backend - INFO - Prediction request from testuser with 5 keystrokes (test: None)
2026-03-31 14:43:10,962 - keyguard_backend - DEBUG - Extracted features: {'dwell_time': 50.0, 'flight_time': 80.0, 'key_press_rate': 6.153846153846153, 'key_release_interval': 100.0, 'typing_speed': 50.0}
2026-03-31 14:43:10,962 - keyguard_backend - DEBUG - ML Model Features - Dwells: 5, Flights: 4, Total: 31
2026-03-31 14:43:10,962 - keyguard_backend - DEBUG - Feature vector: [50.0, 50.0, 50.0, 50.0, 50.0, 100.0, 100.0, 100.0, 100.0, 72.22222222222223, 72.22222222222223, 72.22222222222223, 72.22222222222223, 72.22222222222223, 72.22222222222223, 72.22222222222223, 72.22222222222223, 72.22222222222223, 72.22222222222223, 72.22222222222223, 72.22222222222223, 72.22222222222223, 72.22222222222223, 72.22222222222223, 72.22222222222223, 72.22222222222223, 72.22222222222223, 72.22222222222223, 72.22222222222223, 72.22222222222223, 72.22222222222223]
2026-03-31 14:43:10,962 - keyguard_backend - DEBUG - Aggregated features: {'dwell_time': 50.0, 'flight_time': 80.0, 'key_press_rate': 6.153846153846153, 'key_release_interval': 100.0, 'typing_speed': 50.0}
2026-03-31 14:43:10,963 - keyguard_backend - DEBUG - ML model features (count=31): [50.0, 50.0, 50.0, 50.0, 50.0, 100.0, 100.0, 100.0, 100.0, 72.22222222222223, 72.22222222222223, 72.22222222222223, 72.22222222222223, 72.22222222222223, 72.22222222222223, 72.22222222222223, 72.22222222222223, 72.22222222222223, 72.22222222222223, 72.22222222222223, 72.22222222222223, 72.22222222222223, 72.22222222222223, 72.22222222222223, 72.22222222222223, 72.22222222222223, 72.22222222222223, 72.22222222222223, 72.22222222222223, 72.22222222222223, 72.22222222222223]
2026-03-31 14:43:10,991 - keyguard_backend - DEBUG - RF Prediction: 9, Confidence: 0.3751428571428571
2026-03-31 14:43:10,991 - keyguard_backend - DEBUG - SVM Prediction: 1, Decision Score: 0.5190265432719405
2026-03-31 14:43:10,992 - keyguard_backend - INFO - Prediction result for testuser: INTRUDER (0.62)
2026-03-31 14:43:11,006 - keyguard_backend - INFO - Prediction request from nonexistent with 1 keystrokes (test: None)
2026-03-31 14:43:11,006 - keyguard_backend - WARNING - User not found: nonexistent
2026-03-31 14:43:11,007 - keyguard_backend - ERROR - HTTP Exception: 404 - User not found
2026-03-31 14:43:11,030 - keyguard_backend - INFO - Training request for testuser with 15 keystrokes (round None)
2026-03-31 14:43:11,030 - keyguard_backend - DEBUG - Extracted features: {'dwell_time': 50.0, 'flight_time': 46.666666666666664, 'key_press_rate': 9.655172413793103, 'key_release_interval': 50.0, 'typing_speed': 50.0}
2026-03-31 14:43:11,030 - keyguard_backend - DEBUG - ML Model Features - Dwells: 15, Flights: 14, Total: 31
2026-03-31 14:43:11,031 - keyguard_backend - DEBUG - Feature vector: [50.0, 50.0, 50.0, 50.0, 50.0, 50.0, 50.0, 50.0, 50.0, 50.0, 50.0, 50.0, 50.0, 50.0, 50.0, 50.0, 50.0, 50.0, 50.0, 50.0, 50.0, 50.0, 50.0, 50.0, 50.0, 50.0, 50.0, 50.0, 50.0, 50.0, 50.0]
2026-03-31 14:43:11,031 - keyguard_backend - INFO - Training with aggregated features: {'dwell_time': 50.0, 'flight_time': 46.666666666666664, 'key_press_rate': 9.655172413793103, 'key_release_interval': 50.0, 'typing_speed': 50.0}
2026-03-31 14:43:11,031 - keyguard_backend - INFO - Training with ML model features (count=31): [50.0, 50.0, 50.0, 50.0, 50.0, 50.0, 50.0, 50.0, 50.0, 50.0, 50.0, 50.0, 50.0, 50.0, 50.0, 50.0, 50.0, 50.0, 50.0, 50.0, 50.0, 50.0, 50.0, 50.0, 50.0, 50.0, 50.0, 50.0, 50.0, 50.0, 50.0]
2026-03-31 14:43:11,035 - keyguard_backend - INFO - Updated behavior profile for user testuser (round None, trained_rounds=1)
2026-03-31 14:43:11,046 - keyguard_backend - INFO - Training request for nonexistent with 1 keystrokes (round None)
2026-03-31 14:43:11,046 - keyguard_backend - WARNING - User not found: nonexistent
2026-03-31 14:43:11,047 - keyguard_backend - ERROR - HTTP Exception: 404 - User not found
2026-03-31 14:43:11,072 - keyguard_backend - DEBUG - Extracted features: {'dwell_time': 50.0, 'flight_time': 66.66666666666667, 'key_press_rate': 5.714285714285714, 'key_release_interval': 100.0, 'typing_speed': 50.0}
2026-03-31 14:43:11,072 - keyguard_backend - WARNING - Invalid keystroke at index 1: {'key': 'b', 'key_press_time': 1150, 'key_release_time': 1000}
2026-03-31 14:43:11,073 - keyguard_backend - DEBUG - Removing keystroke with anomalous dwell time: 1500ms
2026-03-31 14:43:11,073 - keyguard_backend - DEBUG - Decision logic - RF prob: 0.95, SVM score: 0.8
2026-03-31 14:43:11,073 - keyguard_backend - INFO - Detection decision: normal - ['RF: High confidence in normal (prob=0.95)', 'SVM: Normal behavior detected']
2026-03-31 14:43:11,074 - keyguard_backend - DEBUG - Decision logic - RF prob: 0.45, SVM score: 0.5
2026-03-31 14:43:11,074 - keyguard_backend - INFO - Detection decision: suspicious - ['RF: Suspicious behavior (prob=0.45)', 'SVM: Normal behavior detected']
2026-03-31 14:43:11,075 - keyguard_backend - DEBUG - Decision logic - RF prob: 0.2, SVM score: -0.8
2026-03-31 14:43:11,075 - keyguard_backend - INFO - Detection decision: intrusion - ['RF: Low confidence in normal (prob=0.20)', 'SVM: Anomaly detected (score=-0.80)']
2026-03-31 14:43:11,078 - keyguard_backend - DEBUG - Extracted features: {'dwell_time': 50.0, 'flight_time': 80.0, 'key_press_rate': 6.153846153846153, 'key_release_interval': 100.0, 'typing_speed': 50.0}
2026-03-31 14:43:11,079 - keyguard_backend - DEBUG - Decision logic - RF prob: 0.6072307692307692, SVM score: 0.8855384615384615
2026-03-31 14:43:11,079 - keyguard_backend - INFO - Detection decision: suspicious - ['RF: Suspicious behavior (prob=0.61)', 'SVM: Normal behavior detected']
