2026-03-25 13:32:29,752 - keyguard_backend - INFO - Loaded model from /Users/georgy/Documents/College/miniproject/KeyGuard/backend/models/random_forest_model.pkl
2026-03-25 13:32:29,757 - keyguard_backend - INFO - Loaded model from /Users/georgy/Documents/College/miniproject/KeyGuard/backend/models/one_class_svm_model.pkl
2026-03-25 13:32:29,759 - keyguard_backend - INFO - Loaded scaler from /Users/georgy/Documents/College/miniproject/KeyGuard/backend/models/scaler.pkl
2026-03-25 13:32:29,776 - keyguard_backend - INFO - Database tables created/verified
2026-03-25 13:32:29,912 - keyguard_backend - INFO - Loaded model from /Users/georgy/Documents/College/miniproject/KeyGuard/backend/models/random_forest_model.pkl
2026-03-25 13:32:29,914 - keyguard_backend - INFO - Loaded model from /Users/georgy/Documents/College/miniproject/KeyGuard/backend/models/one_class_svm_model.pkl
2026-03-25 13:32:29,915 - keyguard_backend - INFO - Loaded scaler from /Users/georgy/Documents/College/miniproject/KeyGuard/backend/models/scaler.pkl
2026-03-25 13:32:29,981 - keyguard_backend - INFO - Starting capture session for newuser
2026-03-25 13:32:29,993 - keyguard_backend - INFO - Created new user: newuser
2026-03-25 13:32:29,997 - keyguard_backend - INFO - Created new capture session 1 for newuser
2026-03-25 13:32:30,020 - keyguard_backend - INFO - Starting capture session for testuser
2026-03-25 13:32:30,022 - keyguard_backend - INFO - Returning existing active session for testuser
2026-03-25 13:32:30,043 - keyguard_backend - DEBUG - Session active for testuser
2026-03-25 13:32:30,094 - keyguard_backend - INFO - Training request for testuser with 15 keystrokes (round 1)
2026-03-25 13:32:30,095 - keyguard_backend - DEBUG - Extracted features: {'dwell_time': 50.0, 'flight_time': 65.33333333333333, 'key_press_rate': 8.092485549132949, 'key_release_interval': 70.0, 'typing_speed': 50.0}
2026-03-25 13:32:30,095 - keyguard_backend - DEBUG - ML Model Features - Dwells: 15, Flights: 14, Total: 29
2026-03-25 13:32:30,095 - keyguard_backend - DEBUG - Feature vector: [50.0, 50.0, 50.0, 50.0, 50.0, 50.0, 50.0, 50.0, 50.0, 50.0, 50.0, 50.0, 50.0, 50.0, 50.0, 70.0, 70.0, 70.0, 70.0, 70.0, 70.0, 70.0, 70.0, 70.0, 70.0, 70.0, 70.0, 70.0, 70.0]
2026-03-25 13:32:30,095 - keyguard_backend - INFO - Training with aggregated features: {'dwell_time': 50.0, 'flight_time': 65.33333333333333, 'key_press_rate': 8.092485549132949, 'key_release_interval': 70.0, 'typing_speed': 50.0}
2026-03-25 13:32:30,096 - keyguard_backend - INFO - Training with ML model features (count=29): [50.0, 50.0, 50.0, 50.0, 50.0, 50.0, 50.0, 50.0, 50.0, 50.0, 50.0, 50.0, 50.0, 50.0, 50.0, 70.0, 70.0, 70.0, 70.0, 70.0, 70.0, 70.0, 70.0, 70.0, 70.0, 70.0, 70.0, 70.0, 70.0]
2026-03-25 13:32:30,106 - keyguard_backend - INFO - Updated behavior profile for user testuser (round 1, trained_rounds=1)
2026-03-25 13:32:30,109 - keyguard_backend - INFO - Training request for testuser with 15 keystrokes (round 2)
2026-03-25 13:32:30,111 - keyguard_backend - DEBUG - Extracted features: {'dwell_time': 50.0, 'flight_time': 65.33333333333333, 'key_press_rate': 8.092485549132949, 'key_release_interval': 70.0, 'typing_speed': 50.0}
2026-03-25 13:32:30,111 - keyguard_backend - DEBUG - ML Model Features - Dwells: 15, Flights: 14, Total: 29
2026-03-25 13:32:30,111 - keyguard_backend - DEBUG - Feature vector: [50.0, 50.0, 50.0, 50.0, 50.0, 50.0, 50.0, 50.0, 50.0, 50.0, 50.0, 50.0, 50.0, 50.0, 50.0, 70.0, 70.0, 70.0, 70.0, 70.0, 70.0, 70.0, 70.0, 70.0, 70.0, 70.0, 70.0, 70.0, 70.0]
2026-03-25 13:32:30,111 - keyguard_backend - INFO - Training with aggregated features: {'dwell_time': 50.0, 'flight_time': 65.33333333333333, 'key_press_rate': 8.092485549132949, 'key_release_interval': 70.0, 'typing_speed': 50.0}
2026-03-25 13:32:30,112 - keyguard_backend - INFO - Training with ML model features (count=29): [50.0, 50.0, 50.0, 50.0, 50.0, 50.0, 50.0, 50.0, 50.0, 50.0, 50.0, 50.0, 50.0, 50.0, 50.0, 70.0, 70.0, 70.0, 70.0, 70.0, 70.0, 70.0, 70.0, 70.0, 70.0, 70.0, 70.0, 70.0, 70.0]
2026-03-25 13:32:30,120 - keyguard_backend - INFO - Updated behavior profile for user testuser (round 2, trained_rounds=2)
2026-03-25 13:32:30,123 - keyguard_backend - INFO - Training request for testuser with 15 keystrokes (round 3)
2026-03-25 13:32:30,124 - keyguard_backend - DEBUG - Extracted features: {'dwell_time': 50.0, 'flight_time': 65.33333333333333, 'key_press_rate': 8.092485549132949, 'key_release_interval': 70.0, 'typing_speed': 50.0}
2026-03-25 13:32:30,124 - keyguard_backend - DEBUG - ML Model Features - Dwells: 15, Flights: 14, Total: 29
2026-03-25 13:32:30,125 - keyguard_backend - DEBUG - Feature vector: [50.0, 50.0, 50.0, 50.0, 50.0, 50.0, 50.0, 50.0, 50.0, 50.0, 50.0, 50.0, 50.0, 50.0, 50.0, 70.0, 70.0, 70.0, 70.0, 70.0, 70.0, 70.0, 70.0, 70.0, 70.0, 70.0, 70.0, 70.0, 70.0]
2026-03-25 13:32:30,125 - keyguard_backend - INFO - Training with aggregated features: {'dwell_time': 50.0, 'flight_time': 65.33333333333333, 'key_press_rate': 8.092485549132949, 'key_release_interval': 70.0, 'typing_speed': 50.0}
2026-03-25 13:32:30,125 - keyguard_backend - INFO - Training with ML model features (count=29): [50.0, 50.0, 50.0, 50.0, 50.0, 50.0, 50.0, 50.0, 50.0, 50.0, 50.0, 50.0, 50.0, 50.0, 50.0, 70.0, 70.0, 70.0, 70.0, 70.0, 70.0, 70.0, 70.0, 70.0, 70.0, 70.0, 70.0, 70.0, 70.0]
2026-03-25 13:32:30,131 - keyguard_backend - INFO - Updated behavior profile for user testuser (round 3, trained_rounds=3)
2026-03-25 13:32:30,135 - keyguard_backend - INFO - Prediction request from testuser with 15 keystrokes (test: None)
2026-03-25 13:32:30,137 - keyguard_backend - DEBUG - Extracted features: {'dwell_time': 200.0, 'flight_time': 186.66666666666666, 'key_press_rate': 2.413793103448276, 'key_release_interval': 200.0, 'typing_speed': 200.0}
2026-03-25 13:32:30,138 - keyguard_backend - DEBUG - ML Model Features - Dwells: 15, Flights: 14, Total: 29
2026-03-25 13:32:30,138 - keyguard_backend - DEBUG - Feature vector: [200.0, 200.0, 200.0, 200.0, 200.0, 200.0, 200.0, 200.0, 200.0, 200.0, 200.0, 200.0, 200.0, 200.0, 200.0, 200.0, 200.0, 200.0, 200.0, 200.0, 200.0, 200.0, 200.0, 200.0, 200.0, 200.0, 200.0, 200.0, 200.0]
2026-03-25 13:32:30,138 - keyguard_backend - DEBUG - Aggregated features: {'dwell_time': 200.0, 'flight_time': 186.66666666666666, 'key_press_rate': 2.413793103448276, 'key_release_interval': 200.0, 'typing_speed': 200.0}
2026-03-25 13:32:30,138 - keyguard_backend - DEBUG - ML model features (count=29): [200.0, 200.0, 200.0, 200.0, 200.0, 200.0, 200.0, 200.0, 200.0, 200.0, 200.0, 200.0, 200.0, 200.0, 200.0, 200.0, 200.0, 200.0, 200.0, 200.0, 200.0, 200.0, 200.0, 200.0, 200.0, 200.0, 200.0, 200.0, 200.0]
2026-03-25 13:32:30,139 - keyguard_backend - ERROR - Error during ML prediction: ML model expects 31 features, received 29
Traceback (most recent call last):
  File "/Users/georgy/Documents/College/miniproject/KeyGuard/backend/tests/../routes/predict.py", line 126, in predict_intrusion
    raise ValueError(
ValueError: ML model expects 31 features, received 29
2026-03-25 13:32:30,265 - keyguard_backend - INFO - Prediction request from testuser with 5 keystrokes (test: None)
2026-03-25 13:32:30,266 - keyguard_backend - DEBUG - Extracted features: {'dwell_time': 50.0, 'flight_time': 80.0, 'key_press_rate': 6.153846153846153, 'key_release_interval': 100.0, 'typing_speed': 50.0}
2026-03-25 13:32:30,267 - keyguard_backend - DEBUG - ML Model Features - Dwells: 5, Flights: 4, Total: 9
2026-03-25 13:32:30,267 - keyguard_backend - DEBUG - Feature vector: [50.0, 50.0, 50.0, 50.0, 50.0, 100.0, 100.0, 100.0, 100.0]
2026-03-25 13:32:30,267 - keyguard_backend - DEBUG - Aggregated features: {'dwell_time': 50.0, 'flight_time': 80.0, 'key_press_rate': 6.153846153846153, 'key_release_interval': 100.0, 'typing_speed': 50.0}
2026-03-25 13:32:30,267 - keyguard_backend - DEBUG - ML model features (count=9): [50.0, 50.0, 50.0, 50.0, 50.0, 100.0, 100.0, 100.0, 100.0]
2026-03-25 13:32:30,268 - keyguard_backend - ERROR - Error during ML prediction: ML model expects 31 features, received 9
Traceback (most recent call last):
  File "/Users/georgy/Documents/College/miniproject/KeyGuard/backend/tests/../routes/predict.py", line 126, in predict_intrusion
    raise ValueError(
ValueError: ML model expects 31 features, received 9
2026-03-25 13:32:30,287 - keyguard_backend - INFO - Prediction request from nonexistent with 1 keystrokes (test: None)
2026-03-25 13:32:30,289 - keyguard_backend - WARNING - User not found: nonexistent
2026-03-25 13:32:30,290 - keyguard_backend - ERROR - HTTP Exception: 404 - User not found
2026-03-25 13:32:30,320 - keyguard_backend - INFO - Training request for testuser with 15 keystrokes (round None)
2026-03-25 13:32:30,322 - keyguard_backend - DEBUG - Extracted features: {'dwell_time': 50.0, 'flight_time': 46.666666666666664, 'key_press_rate': 9.655172413793103, 'key_release_interval': 50.0, 'typing_speed': 50.0}
2026-03-25 13:32:30,322 - keyguard_backend - DEBUG - ML Model Features - Dwells: 15, Flights: 14, Total: 29
2026-03-25 13:32:30,322 - keyguard_backend - DEBUG - Feature vector: [50.0, 50.0, 50.0, 50.0, 50.0, 50.0, 50.0, 50.0, 50.0, 50.0, 50.0, 50.0, 50.0, 50.0, 50.0, 50.0, 50.0, 50.0, 50.0, 50.0, 50.0, 50.0, 50.0, 50.0, 50.0, 50.0, 50.0, 50.0, 50.0]
2026-03-25 13:32:30,322 - keyguard_backend - INFO - Training with aggregated features: {'dwell_time': 50.0, 'flight_time': 46.666666666666664, 'key_press_rate': 9.655172413793103, 'key_release_interval': 50.0, 'typing_speed': 50.0}
2026-03-25 13:32:30,323 - keyguard_backend - INFO - Training with ML model features (count=29): [50.0, 50.0, 50.0, 50.0, 50.0, 50.0, 50.0, 50.0, 50.0, 50.0, 50.0, 50.0, 50.0, 50.0, 50.0, 50.0, 50.0, 50.0, 50.0, 50.0, 50.0, 50.0, 50.0, 50.0, 50.0, 50.0, 50.0, 50.0, 50.0]
2026-03-25 13:32:30,329 - keyguard_backend - INFO - Updated behavior profile for user testuser (round None, trained_rounds=1)
2026-03-25 13:32:30,344 - keyguard_backend - INFO - Training request for nonexistent with 1 keystrokes (round None)
2026-03-25 13:32:30,345 - keyguard_backend - WARNING - User not found: nonexistent
2026-03-25 13:32:30,346 - keyguard_backend - ERROR - HTTP Exception: 404 - User not found
