2026-03-31 14:38:03,793 - keyguard_backend - INFO - Loaded model from /Users/georgy/Documents/College/miniproject/KeyGuard/backend/models/random_forest_model.pkl
2026-03-31 14:38:03,794 - keyguard_backend - INFO - Loaded model from /Users/georgy/Documents/College/miniproject/KeyGuard/backend/models/one_class_svm_model.pkl
2026-03-31 14:38:03,795 - keyguard_backend - INFO - Loaded scaler from /Users/georgy/Documents/College/miniproject/KeyGuard/backend/models/scaler.pkl
2026-03-31 14:38:03,801 - keyguard_backend - INFO - Database tables created/verified
2026-03-31 14:38:03,894 - keyguard_backend - INFO - Starting capture session for newuser
2026-03-31 14:38:03,897 - keyguard_backend - INFO - Created new user: newuser
2026-03-31 14:38:03,899 - keyguard_backend - INFO - Created new capture session 1 for newuser
2026-03-31 14:38:03,910 - keyguard_backend - INFO - Starting capture session for testuser
2026-03-31 14:38:03,911 - keyguard_backend - INFO - Returning existing active session for testuser
2026-03-31 14:38:03,922 - keyguard_backend - DEBUG - Session active for testuser
2026-03-31 14:38:03,954 - keyguard_backend - INFO - Training request for testuser with 15 keystrokes (round 1)
2026-03-31 14:38:03,955 - keyguard_backend - DEBUG - Extracted features: {'dwell_time': 50.0, 'flight_time': 65.33333333333333, 'key_press_rate': 8.092485549132949, 'key_release_interval': 70.0, 'typing_speed': 50.0}
2026-03-31 14:38:03,955 - keyguard_backend - DEBUG - ML Model Features - Dwells: 15, Flights: 14, Total: 31
2026-03-31 14:38:03,955 - keyguard_backend - DEBUG - Feature vector: [50.0, 50.0, 50.0, 50.0, 50.0, 50.0, 50.0, 50.0, 50.0, 50.0, 50.0, 50.0, 50.0, 50.0, 50.0, 70.0, 70.0, 70.0, 70.0, 70.0, 70.0, 70.0, 70.0, 70.0, 70.0, 70.0, 70.0, 70.0, 70.0, 59.6551724137931, 59.6551724137931]
2026-03-31 14:38:03,955 - keyguard_backend - INFO - Training with aggregated features: {'dwell_time': 50.0, 'flight_time': 65.33333333333333, 'key_press_rate': 8.092485549132949, 'key_release_interval': 70.0, 'typing_speed': 50.0}
2026-03-31 14:38:03,955 - keyguard_backend - INFO - Training with ML model features (count=31): [50.0, 50.0, 50.0, 50.0, 50.0, 50.0, 50.0, 50.0, 50.0, 50.0, 50.0, 50.0, 50.0, 50.0, 50.0, 70.0, 70.0, 70.0, 70.0, 70.0, 70.0, 70.0, 70.0, 70.0, 70.0, 70.0, 70.0, 70.0, 70.0, 59.6551724137931, 59.6551724137931]
2026-03-31 14:38:03,963 - keyguard_backend - INFO - Updated behavior profile for user testuser (round 1, trained_rounds=1)
2026-03-31 14:38:03,964 - keyguard_backend - INFO - Training request for testuser with 15 keystrokes (round 2)
2026-03-31 14:38:03,965 - keyguard_backend - DEBUG - Extracted features: {'dwell_time': 50.0, 'flight_time': 65.33333333333333, 'key_press_rate': 8.092485549132949, 'key_release_interval': 70.0, 'typing_speed': 50.0}
2026-03-31 14:38:03,965 - keyguard_backend - DEBUG - ML Model Features - Dwells: 15, Flights: 14, Total: 31
2026-03-31 14:38:03,965 - keyguard_backend - DEBUG - Feature vector: [50.0, 50.0, 50.0, 50.0, 50.0, 50.0, 50.0, 50.0, 50.0, 50.0, 50.0, 50.0, 50.0, 50.0, 50.0, 70.0, 70.0, 70.0, 70.0, 70.0, 70.0, 70.0, 70.0, 70.0, 70.0, 70.0, 70.0, 70.0, 70.0, 59.6551724137931, 59.6551724137931]
2026-03-31 14:38:03,965 - keyguard_backend - INFO - Training with aggregated features: {'dwell_time': 50.0, 'flight_time': 65.33333333333333, 'key_press_rate': 8.092485549132949, 'key_release_interval': 70.0, 'typing_speed': 50.0}
2026-03-31 14:38:03,965 - keyguard_backend - INFO - Training with ML model features (count=31): [50.0, 50.0, 50.0, 50.0, 50.0, 50.0, 50.0, 50.0, 50.0, 50.0, 50.0, 50.0, 50.0, 50.0, 50.0, 70.0, 70.0, 70.0, 70.0, 70.0, 70.0, 70.0, 70.0, 70.0, 70.0, 70.0, 70.0, 70.0, 70.0, 59.6551724137931, 59.6551724137931]
2026-03-31 14:38:03,970 - keyguard_backend - INFO - Updated behavior profile for user testuser (round 2, trained_rounds=2)
2026-03-31 14:38:03,971 - keyguard_backend - INFO - Training request for testuser with 15 keystrokes (round 3)
2026-03-31 14:38:03,971 - keyguard_backend - DEBUG - Extracted features: {'dwell_time': 50.0, 'flight_time': 65.33333333333333, 'key_press_rate': 8.092485549132949, 'key_release_interval': 70.0, 'typing_speed': 50.0}
2026-03-31 14:38:03,972 - keyguard_backend - DEBUG - ML Model Features - Dwells: 15, Flights: 14, Total: 31
2026-03-31 14:38:03,972 - keyguard_backend - DEBUG - Feature vector: [50.0, 50.0, 50.0, 50.0, 50.0, 50.0, 50.0, 50.0, 50.0, 50.0, 50.0, 50.0, 50.0, 50.0, 50.0, 70.0, 70.0, 70.0, 70.0, 70.0, 70.0, 70.0, 70.0, 70.0, 70.0, 70.0, 70.0, 70.0, 70.0, 59.6551724137931, 59.6551724137931]
2026-03-31 14:38:03,972 - keyguard_backend - INFO - Training with aggregated features: {'dwell_time': 50.0, 'flight_time': 65.33333333333333, 'key_press_rate': 8.092485549132949, 'key_release_interval': 70.0, 'typing_speed': 50.0}
2026-03-31 14:38:03,972 - keyguard_backend - INFO - Training with ML model features (count=31): [50.0, 50.0, 50.0, 50.0, 50.0, 50.0, 50.0, 50.0, 50.0, 50.0, 50.0, 50.0, 50.0, 50.0, 50.0, 70.0, 70.0, 70.0, 70.0, 70.0, 70.0, 70.0, 70.0, 70.0, 70.0, 70.0, 70.0, 70.0, 70.0, 59.6551724137931, 59.6551724137931]
2026-03-31 14:38:03,976 - keyguard_backend - INFO - Updated behavior profile for user testuser (round 3, trained_rounds=3)
2026-03-31 14:38:03,978 - keyguard_backend - INFO - Prediction request from testuser with 15 keystrokes (test: None)
2026-03-31 14:38:03,978 - keyguard_backend - DEBUG - Extracted features: {'dwell_time': 200.0, 'flight_time': 186.66666666666666, 'key_press_rate': 2.413793103448276, 'key_release_interval': 200.0, 'typing_speed': 200.0}
2026-03-31 14:38:03,978 - keyguard_backend - DEBUG - ML Model Features - Dwells: 15, Flights: 14, Total: 31
2026-03-31 14:38:03,978 - keyguard_backend - DEBUG - Feature vector: [200.0, 200.0, 200.0, 200.0, 200.0, 200.0, 200.0, 200.0, 200.0, 200.0, 200.0, 200.0, 200.0, 200.0, 200.0, 200.0, 200.0, 200.0, 200.0, 200.0, 200.0, 200.0, 200.0, 200.0, 200.0, 200.0, 200.0, 200.0, 200.0, 200.0, 200.0]
2026-03-31 14:38:03,979 - keyguard_backend - DEBUG - Aggregated features: {'dwell_time': 200.0, 'flight_time': 186.66666666666666, 'key_press_rate': 2.413793103448276, 'key_release_interval': 200.0, 'typing_speed': 200.0}
2026-03-31 14:38:03,979 - keyguard_backend - DEBUG - ML model features (count=31): [200.0, 200.0, 200.0, 200.0, 200.0, 200.0, 200.0, 200.0, 200.0, 200.0, 200.0, 200.0, 200.0, 200.0, 200.0, 200.0, 200.0, 200.0, 200.0, 200.0, 200.0, 200.0, 200.0, 200.0, 200.0, 200.0, 200.0, 200.0, 200.0, 200.0, 200.0]
2026-03-31 14:38:03,979 - keyguard_backend - ERROR - Error in prediction: name 'get_training_samples' is not defined
Traceback (most recent call last):
  File "/Users/georgy/Documents/College/miniproject/KeyGuard/backend/tests/../routes/predict.py", line 131, in predict_intrusion
    training_vectors = get_training_samples(db, user.id)
NameError: name 'get_training_samples' is not defined
2026-03-31 14:38:03,981 - keyguard_backend - ERROR - HTTP Exception: 500 - Prediction error: name 'get_training_samples' is not defined
2026-03-31 14:38:04,039 - keyguard_backend - INFO - Prediction request from testuser with 5 keystrokes (test: None)
2026-03-31 14:38:04,040 - keyguard_backend - DEBUG - Extracted features: {'dwell_time': 50.0, 'flight_time': 80.0, 'key_press_rate': 6.153846153846153, 'key_release_interval': 100.0, 'typing_speed': 50.0}
2026-03-31 14:38:04,041 - keyguard_backend - DEBUG - ML Model Features - Dwells: 5, Flights: 4, Total: 31
2026-03-31 14:38:04,041 - keyguard_backend - DEBUG - Feature vector: [50.0, 50.0, 50.0, 50.0, 50.0, 100.0, 100.0, 100.0, 100.0, 72.22222222222223, 72.22222222222223, 72.22222222222223, 72.22222222222223, 72.22222222222223, 72.22222222222223, 72.22222222222223, 72.22222222222223, 72.22222222222223, 72.22222222222223, 72.22222222222223, 72.22222222222223, 72.22222222222223, 72.22222222222223, 72.22222222222223, 72.22222222222223, 72.22222222222223, 72.22222222222223, 72.22222222222223, 72.22222222222223, 72.22222222222223, 72.22222222222223]
2026-03-31 14:38:04,041 - keyguard_backend - DEBUG - Aggregated features: {'dwell_time': 50.0, 'flight_time': 80.0, 'key_press_rate': 6.153846153846153, 'key_release_interval': 100.0, 'typing_speed': 50.0}
2026-03-31 14:38:04,041 - keyguard_backend - DEBUG - ML model features (count=31): [50.0, 50.0, 50.0, 50.0, 50.0, 100.0, 100.0, 100.0, 100.0, 72.22222222222223, 72.22222222222223, 72.22222222222223, 72.22222222222223, 72.22222222222223, 72.22222222222223, 72.22222222222223, 72.22222222222223, 72.22222222222223, 72.22222222222223, 72.22222222222223, 72.22222222222223, 72.22222222222223, 72.22222222222223, 72.22222222222223, 72.22222222222223, 72.22222222222223, 72.22222222222223, 72.22222222222223, 72.22222222222223, 72.22222222222223, 72.22222222222223]
2026-03-31 14:38:04,041 - keyguard_backend - ERROR - Error in prediction: name 'get_training_samples' is not defined
Traceback (most recent call last):
  File "/Users/georgy/Documents/College/miniproject/KeyGuard/backend/tests/../routes/predict.py", line 131, in predict_intrusion
    training_vectors = get_training_samples(db, user.id)
NameError: name 'get_training_samples' is not defined
2026-03-31 14:38:04,041 - keyguard_backend - ERROR - HTTP Exception: 500 - Prediction error: name 'get_training_samples' is not defined
2026-03-31 14:38:04,055 - keyguard_backend - INFO - Prediction request from nonexistent with 1 keystrokes (test: None)
2026-03-31 14:38:04,055 - keyguard_backend - WARNING - User not found: nonexistent
2026-03-31 14:38:04,055 - keyguard_backend - ERROR - HTTP Exception: 404 - User not found
2026-03-31 14:38:04,074 - keyguard_backend - INFO - Training request for testuser with 15 keystrokes (round None)
2026-03-31 14:38:04,075 - keyguard_backend - DEBUG - Extracted features: {'dwell_time': 50.0, 'flight_time': 46.666666666666664, 'key_press_rate': 9.655172413793103, 'key_release_interval': 50.0, 'typing_speed': 50.0}
2026-03-31 14:38:04,075 - keyguard_backend - DEBUG - ML Model Features - Dwells: 15, Flights: 14, Total: 31
2026-03-31 14:38:04,075 - keyguard_backend - DEBUG - Feature vector: [50.0, 50.0, 50.0, 50.0, 50.0, 50.0, 50.0, 50.0, 50.0, 50.0, 50.0, 50.0, 50.0, 50.0, 50.0, 50.0, 50.0, 50.0, 50.0, 50.0, 50.0, 50.0, 50.0, 50.0, 50.0, 50.0, 50.0, 50.0, 50.0, 50.0, 50.0]
2026-03-31 14:38:04,075 - keyguard_backend - INFO - Training with aggregated features: {'dwell_time': 50.0, 'flight_time': 46.666666666666664, 'key_press_rate': 9.655172413793103, 'key_release_interval': 50.0, 'typing_speed': 50.0}
2026-03-31 14:38:04,075 - keyguard_backend - INFO - Training with ML model features (count=31): [50.0, 50.0, 50.0, 50.0, 50.0, 50.0, 50.0, 50.0, 50.0, 50.0, 50.0, 50.0, 50.0, 50.0, 50.0, 50.0, 50.0, 50.0, 50.0, 50.0, 50.0, 50.0, 50.0, 50.0, 50.0, 50.0, 50.0, 50.0, 50.0, 50.0, 50.0]
2026-03-31 14:38:04,080 - keyguard_backend - INFO - Updated behavior profile for user testuser (round None, trained_rounds=1)
2026-03-31 14:38:04,089 - keyguard_backend - INFO - Training request for nonexistent with 1 keystrokes (round None)
2026-03-31 14:38:04,090 - keyguard_backend - WARNING - User not found: nonexistent
2026-03-31 14:38:04,090 - keyguard_backend - ERROR - HTTP Exception: 404 - User not found
2026-03-31 14:38:04,113 - keyguard_backend - DEBUG - Extracted features: {'dwell_time': 50.0, 'flight_time': 66.66666666666667, 'key_press_rate': 5.714285714285714, 'key_release_interval': 100.0, 'typing_speed': 50.0}
2026-03-31 14:38:04,114 - keyguard_backend - WARNING - Invalid keystroke at index 1: {'key': 'b', 'key_press_time': 1150, 'key_release_time': 1000}
2026-03-31 14:38:04,114 - keyguard_backend - DEBUG - Removing keystroke with anomalous dwell time: 1500ms
2026-03-31 14:38:04,115 - keyguard_backend - DEBUG - Decision logic - RF prob: 0.95, SVM score: 0.8
2026-03-31 14:38:04,115 - keyguard_backend - INFO - Detection decision: normal - ['RF: High confidence in normal (prob=0.95)', 'SVM: Normal behavior detected']
2026-03-31 14:38:04,116 - keyguard_backend - DEBUG - Decision logic - RF prob: 0.45, SVM score: 0.5
2026-03-31 14:38:04,116 - keyguard_backend - INFO - Detection decision: suspicious - ['RF: Suspicious behavior (prob=0.45)', 'SVM: Normal behavior detected']
2026-03-31 14:38:04,116 - keyguard_backend - DEBUG - Decision logic - RF prob: 0.2, SVM score: -0.8
2026-03-31 14:38:04,116 - keyguard_backend - INFO - Detection decision: intrusion - ['RF: Low confidence in normal (prob=0.20)', 'SVM: Anomaly detected (score=-0.80)']
2026-03-31 14:38:04,120 - keyguard_backend - DEBUG - Extracted features: {'dwell_time': 50.0, 'flight_time': 80.0, 'key_press_rate': 6.153846153846153, 'key_release_interval': 100.0, 'typing_speed': 50.0}
2026-03-31 14:38:04,120 - keyguard_backend - DEBUG - Decision logic - RF prob: 0.6072307692307692, SVM score: 0.8855384615384615
2026-03-31 14:38:04,120 - keyguard_backend - INFO - Detection decision: suspicious - ['RF: Suspicious behavior (prob=0.61)', 'SVM: Normal behavior detected']
