2026-03-25 13:14:00,538 - keyguard_backend - INFO - Loaded model from /Users/georgy/Documents/College/miniproject/KeyGuard/backend/models/random_forest_model.pkl
2026-03-25 13:14:00,539 - keyguard_backend - INFO - Loaded model from /Users/georgy/Documents/College/miniproject/KeyGuard/backend/models/one_class_svm_model.pkl
2026-03-25 13:14:00,539 - keyguard_backend - INFO - Loaded scaler from /Users/georgy/Documents/College/miniproject/KeyGuard/backend/models/scaler.pkl
2026-03-25 13:14:00,546 - keyguard_backend - INFO - Database tables created/verified
2026-03-25 13:14:00,627 - keyguard_backend - INFO - Starting capture session for newuser
2026-03-25 13:14:00,631 - keyguard_backend - INFO - Created new user: newuser
2026-03-25 13:14:00,632 - keyguard_backend - INFO - Created new capture session 1 for newuser
2026-03-25 13:14:00,642 - keyguard_backend - INFO - Starting capture session for testuser
2026-03-25 13:14:00,643 - keyguard_backend - INFO - Returning existing active session for testuser
2026-03-25 13:14:00,652 - keyguard_backend - DEBUG - Session active for testuser
2026-03-25 13:14:00,675 - keyguard_backend - INFO - Prediction request from testuser with 5 keystrokes (test: None)
2026-03-25 13:14:00,675 - keyguard_backend - DEBUG - Extracted features: {'dwell_time': 50.0, 'flight_time': 80.0, 'key_press_rate': 6.153846153846153, 'key_release_interval': 100.0, 'typing_speed': 50.0}
2026-03-25 13:14:00,676 - keyguard_backend - DEBUG - ML Model Features - Dwells: 5, Flights: 4, Total: 9
2026-03-25 13:14:00,676 - keyguard_backend - DEBUG - Feature vector: [50.0, 50.0, 50.0, 50.0, 50.0, 100.0, 100.0, 100.0, 100.0]
2026-03-25 13:14:00,676 - keyguard_backend - DEBUG - Aggregated features: {'dwell_time': 50.0, 'flight_time': 80.0, 'key_press_rate': 6.153846153846153, 'key_release_interval': 100.0, 'typing_speed': 50.0}
2026-03-25 13:14:00,676 - keyguard_backend - DEBUG - ML model features (count=9): [50.0, 50.0, 50.0, 50.0, 50.0, 100.0, 100.0, 100.0, 100.0]
2026-03-25 13:14:00,676 - keyguard_backend - ERROR - Error during ML prediction: X has 9 features, but RandomForestClassifier is expecting 31 features as input.
Traceback (most recent call last):
  File "/Users/georgy/Documents/College/miniproject/KeyGuard/backend/tests/../routes/predict.py", line 121, in predict_intrusion
    rf_prediction = rf_model.predict(ml_features)[0]
  File "/Users/georgy/Documents/College/miniproject/KeyGuard/backend/venv/lib/python3.9/site-packages/sklearn/ensemble/_forest.py", line 823, in predict
    proba = self.predict_proba(X)
  File "/Users/georgy/Documents/College/miniproject/KeyGuard/backend/venv/lib/python3.9/site-packages/sklearn/ensemble/_forest.py", line 865, in predict_proba
    X = self._validate_X_predict(X)
  File "/Users/georgy/Documents/College/miniproject/KeyGuard/backend/venv/lib/python3.9/site-packages/sklearn/ensemble/_forest.py", line 599, in _validate_X_predict
    X = self._validate_data(X, dtype=DTYPE, accept_sparse="csr", reset=False)
  File "/Users/georgy/Documents/College/miniproject/KeyGuard/backend/venv/lib/python3.9/site-packages/sklearn/base.py", line 626, in _validate_data
    self._check_n_features(X, reset=reset)
  File "/Users/georgy/Documents/College/miniproject/KeyGuard/backend/venv/lib/python3.9/site-packages/sklearn/base.py", line 415, in _check_n_features
    raise ValueError(
ValueError: X has 9 features, but RandomForestClassifier is expecting 31 features as input.
2026-03-25 13:14:00,689 - keyguard_backend - INFO - Prediction request from nonexistent with 1 keystrokes (test: None)
2026-03-25 13:14:00,690 - keyguard_backend - WARNING - User not found: nonexistent
2026-03-25 13:14:00,690 - keyguard_backend - ERROR - HTTP Exception: 404 - User not found
2026-03-25 13:14:00,705 - keyguard_backend - INFO - Training request for testuser with 15 keystrokes (round None)
2026-03-25 13:14:00,706 - keyguard_backend - DEBUG - Extracted features: {'dwell_time': 50.0, 'flight_time': 46.666666666666664, 'key_press_rate': 9.655172413793103, 'key_release_interval': 50.0, 'typing_speed': 50.0}
2026-03-25 13:14:00,706 - keyguard_backend - DEBUG - ML Model Features - Dwells: 15, Flights: 14, Total: 29
2026-03-25 13:14:00,706 - keyguard_backend - DEBUG - Feature vector: [50.0, 50.0, 50.0, 50.0, 50.0, 50.0, 50.0, 50.0, 50.0, 50.0, 50.0, 50.0, 50.0, 50.0, 50.0, 50.0, 50.0, 50.0, 50.0, 50.0, 50.0, 50.0, 50.0, 50.0, 50.0, 50.0, 50.0, 50.0, 50.0]
2026-03-25 13:14:00,706 - keyguard_backend - INFO - Training with aggregated features: {'dwell_time': 50.0, 'flight_time': 46.666666666666664, 'key_press_rate': 9.655172413793103, 'key_release_interval': 50.0, 'typing_speed': 50.0}
2026-03-25 13:14:00,706 - keyguard_backend - INFO - Training with ML model features (count=29): [50.0, 50.0, 50.0, 50.0, 50.0, 50.0, 50.0, 50.0, 50.0, 50.0, 50.0, 50.0, 50.0, 50.0, 50.0, 50.0, 50.0, 50.0, 50.0, 50.0, 50.0, 50.0, 50.0, 50.0, 50.0, 50.0, 50.0, 50.0, 50.0]
2026-03-25 13:14:00,711 - keyguard_backend - INFO - Updated behavior profile for user testuser (round None)
2026-03-25 13:14:00,718 - keyguard_backend - INFO - Training request for nonexistent with 1 keystrokes (round None)
2026-03-25 13:14:00,718 - keyguard_backend - WARNING - User not found: nonexistent
2026-03-25 13:14:00,718 - keyguard_backend - ERROR - HTTP Exception: 404 - User not found
2026-03-25 13:14:00,735 - keyguard_backend - DEBUG - Extracted features: {'dwell_time': 50.0, 'flight_time': 66.66666666666667, 'key_press_rate': 5.714285714285714, 'key_release_interval': 100.0, 'typing_speed': 50.0}
2026-03-25 13:14:00,736 - keyguard_backend - WARNING - Invalid keystroke at index 1: {'key': 'b', 'key_press_time': 1150, 'key_release_time': 1000}
2026-03-25 13:14:00,736 - keyguard_backend - DEBUG - Removing keystroke with anomalous dwell time: 1500ms
2026-03-25 13:14:00,737 - keyguard_backend - DEBUG - Decision logic - RF prob: 0.95, SVM score: 0.8
2026-03-25 13:14:00,737 - keyguard_backend - INFO - Detection decision: normal - ['RF: High confidence in normal (prob=0.95)', 'SVM: Normal behavior detected']
2026-03-25 13:14:00,738 - keyguard_backend - DEBUG - Decision logic - RF prob: 0.45, SVM score: 0.5
2026-03-25 13:14:00,738 - keyguard_backend - INFO - Detection decision: suspicious - ['RF: Suspicious behavior (prob=0.45)', 'SVM: Normal behavior detected']
2026-03-25 13:14:00,738 - keyguard_backend - DEBUG - Decision logic - RF prob: 0.2, SVM score: -0.8
2026-03-25 13:14:00,738 - keyguard_backend - INFO - Detection decision: intrusion - ['RF: Low confidence in normal (prob=0.20)', 'SVM: Anomaly detected (score=-0.80)']
2026-03-25 13:14:00,741 - keyguard_backend - DEBUG - Extracted features: {'dwell_time': 50.0, 'flight_time': 80.0, 'key_press_rate': 6.153846153846153, 'key_release_interval': 100.0, 'typing_speed': 50.0}
2026-03-25 13:14:00,741 - keyguard_backend - DEBUG - Decision logic - RF prob: 0.6072307692307692, SVM score: 0.8855384615384615
2026-03-25 13:14:00,742 - keyguard_backend - INFO - Detection decision: suspicious - ['RF: Suspicious behavior (prob=0.61)', 'SVM: Normal behavior detected']
