2026-03-25 13:31:47,697 - keyguard_backend - INFO - Loaded model from /Users/georgy/Documents/College/miniproject/KeyGuard/backend/models/random_forest_model.pkl
2026-03-25 13:31:47,699 - keyguard_backend - INFO - Loaded model from /Users/georgy/Documents/College/miniproject/KeyGuard/backend/models/one_class_svm_model.pkl
2026-03-25 13:31:47,701 - keyguard_backend - INFO - Loaded scaler from /Users/georgy/Documents/College/miniproject/KeyGuard/backend/models/scaler.pkl
2026-03-25 13:31:47,713 - keyguard_backend - INFO - Database tables created/verified
2026-03-25 13:31:47,876 - keyguard_backend - INFO - Starting capture session for newuser
2026-03-25 13:31:47,884 - keyguard_backend - INFO - Created new user: newuser
2026-03-25 13:31:47,887 - keyguard_backend - INFO - Created new capture session 1 for newuser
2026-03-25 13:31:47,904 - keyguard_backend - INFO - Starting capture session for testuser
2026-03-25 13:31:47,905 - keyguard_backend - INFO - Returning existing active session for testuser
2026-03-25 13:31:47,922 - keyguard_backend - DEBUG - Session active for testuser
2026-03-25 13:31:47,961 - keyguard_backend - INFO - Training request for testuser with 15 keystrokes (round 1)
2026-03-25 13:31:47,962 - keyguard_backend - DEBUG - Extracted features: {'dwell_time': 50.0, 'flight_time': 65.33333333333333, 'key_press_rate': 8.092485549132949, 'key_release_interval': 70.0, 'typing_speed': 50.0}
2026-03-25 13:31:47,963 - keyguard_backend - DEBUG - ML Model Features - Dwells: 15, Flights: 14, Total: 29
2026-03-25 13:31:47,963 - keyguard_backend - DEBUG - Feature vector: [50.0, 50.0, 50.0, 50.0, 50.0, 50.0, 50.0, 50.0, 50.0, 50.0, 50.0, 50.0, 50.0, 50.0, 50.0, 70.0, 70.0, 70.0, 70.0, 70.0, 70.0, 70.0, 70.0, 70.0, 70.0, 70.0, 70.0, 70.0, 70.0]
2026-03-25 13:31:47,963 - keyguard_backend - INFO - Training with aggregated features: {'dwell_time': 50.0, 'flight_time': 65.33333333333333, 'key_press_rate': 8.092485549132949, 'key_release_interval': 70.0, 'typing_speed': 50.0}
2026-03-25 13:31:47,963 - keyguard_backend - INFO - Training with ML model features (count=29): [50.0, 50.0, 50.0, 50.0, 50.0, 50.0, 50.0, 50.0, 50.0, 50.0, 50.0, 50.0, 50.0, 50.0, 50.0, 70.0, 70.0, 70.0, 70.0, 70.0, 70.0, 70.0, 70.0, 70.0, 70.0, 70.0, 70.0, 70.0, 70.0]
2026-03-25 13:31:47,972 - keyguard_backend - INFO - Updated behavior profile for user testuser (round 1, trained_rounds=1)
2026-03-25 13:31:47,974 - keyguard_backend - INFO - Training request for testuser with 15 keystrokes (round 2)
2026-03-25 13:31:47,975 - keyguard_backend - DEBUG - Extracted features: {'dwell_time': 50.0, 'flight_time': 65.33333333333333, 'key_press_rate': 8.092485549132949, 'key_release_interval': 70.0, 'typing_speed': 50.0}
2026-03-25 13:31:47,976 - keyguard_backend - DEBUG - ML Model Features - Dwells: 15, Flights: 14, Total: 29
2026-03-25 13:31:47,976 - keyguard_backend - DEBUG - Feature vector: [50.0, 50.0, 50.0, 50.0, 50.0, 50.0, 50.0, 50.0, 50.0, 50.0, 50.0, 50.0, 50.0, 50.0, 50.0, 70.0, 70.0, 70.0, 70.0, 70.0, 70.0, 70.0, 70.0, 70.0, 70.0, 70.0, 70.0, 70.0, 70.0]
2026-03-25 13:31:47,976 - keyguard_backend - INFO - Training with aggregated features: {'dwell_time': 50.0, 'flight_time': 65.33333333333333, 'key_press_rate': 8.092485549132949, 'key_release_interval': 70.0, 'typing_speed': 50.0}
2026-03-25 13:31:47,976 - keyguard_backend - INFO - Training with ML model features (count=29): [50.0, 50.0, 50.0, 50.0, 50.0, 50.0, 50.0, 50.0, 50.0, 50.0, 50.0, 50.0, 50.0, 50.0, 50.0, 70.0, 70.0, 70.0, 70.0, 70.0, 70.0, 70.0, 70.0, 70.0, 70.0, 70.0, 70.0, 70.0, 70.0]
2026-03-25 13:31:47,983 - keyguard_backend - INFO - Updated behavior profile for user testuser (round 2, trained_rounds=2)
2026-03-25 13:31:47,986 - keyguard_backend - INFO - Training request for testuser with 15 keystrokes (round 3)
2026-03-25 13:31:47,987 - keyguard_backend - DEBUG - Extracted features: {'dwell_time': 50.0, 'flight_time': 65.33333333333333, 'key_press_rate': 8.092485549132949, 'key_release_interval': 70.0, 'typing_speed': 50.0}
2026-03-25 13:31:47,987 - keyguard_backend - DEBUG - ML Model Features - Dwells: 15, Flights: 14, Total: 29
2026-03-25 13:31:47,987 - keyguard_backend - DEBUG - Feature vector: [50.0, 50.0, 50.0, 50.0, 50.0, 50.0, 50.0, 50.0, 50.0, 50.0, 50.0, 50.0, 50.0, 50.0, 50.0, 70.0, 70.0, 70.0, 70.0, 70.0, 70.0, 70.0, 70.0, 70.0, 70.0, 70.0, 70.0, 70.0, 70.0]
2026-03-25 13:31:47,987 - keyguard_backend - INFO - Training with aggregated features: {'dwell_time': 50.0, 'flight_time': 65.33333333333333, 'key_press_rate': 8.092485549132949, 'key_release_interval': 70.0, 'typing_speed': 50.0}
2026-03-25 13:31:47,988 - keyguard_backend - INFO - Training with ML model features (count=29): [50.0, 50.0, 50.0, 50.0, 50.0, 50.0, 50.0, 50.0, 50.0, 50.0, 50.0, 50.0, 50.0, 50.0, 50.0, 70.0, 70.0, 70.0, 70.0, 70.0, 70.0, 70.0, 70.0, 70.0, 70.0, 70.0, 70.0, 70.0, 70.0]
2026-03-25 13:31:47,994 - keyguard_backend - INFO - Updated behavior profile for user testuser (round 3, trained_rounds=3)
2026-03-25 13:31:47,997 - keyguard_backend - INFO - Prediction request from testuser with 15 keystrokes (test: None)
2026-03-25 13:31:47,998 - keyguard_backend - DEBUG - Extracted features: {'dwell_time': 200.0, 'flight_time': 186.66666666666666, 'key_press_rate': 2.413793103448276, 'key_release_interval': 200.0, 'typing_speed': 200.0}
2026-03-25 13:31:47,998 - keyguard_backend - DEBUG - ML Model Features - Dwells: 15, Flights: 14, Total: 29
2026-03-25 13:31:47,998 - keyguard_backend - DEBUG - Feature vector: [200.0, 200.0, 200.0, 200.0, 200.0, 200.0, 200.0, 200.0, 200.0, 200.0, 200.0, 200.0, 200.0, 200.0, 200.0, 200.0, 200.0, 200.0, 200.0, 200.0, 200.0, 200.0, 200.0, 200.0, 200.0, 200.0, 200.0, 200.0, 200.0]
2026-03-25 13:31:47,998 - keyguard_backend - DEBUG - Aggregated features: {'dwell_time': 200.0, 'flight_time': 186.66666666666666, 'key_press_rate': 2.413793103448276, 'key_release_interval': 200.0, 'typing_speed': 200.0}
2026-03-25 13:31:47,999 - keyguard_backend - DEBUG - ML model features (count=29): [200.0, 200.0, 200.0, 200.0, 200.0, 200.0, 200.0, 200.0, 200.0, 200.0, 200.0, 200.0, 200.0, 200.0, 200.0, 200.0, 200.0, 200.0, 200.0, 200.0, 200.0, 200.0, 200.0, 200.0, 200.0, 200.0, 200.0, 200.0, 200.0]
2026-03-25 13:31:47,999 - keyguard_backend - ERROR - Error during ML prediction: X has 29 features, but RandomForestClassifier is expecting 31 features as input.
Traceback (most recent call last):
  File "/Users/georgy/Documents/College/miniproject/KeyGuard/backend/tests/../routes/predict.py", line 121, in predict_intrusion
    rf_prediction = rf_model.predict(ml_features)[0]
  File "/Users/georgy/Documents/College/miniproject/KeyGuard/backend/venv/lib/python3.9/site-packages/sklearn/ensemble/_forest.py", line 823, in predict
    proba = self.predict_proba(X)
  File "/Users/georgy/Documents/College/miniproject/KeyGuard/backend/venv/lib/python3.9/site-packages/sklearn/ensemble/_forest.py", line 865, in predict_proba
    X = self._validate_X_predict(X)
  File "/Users/georgy/Documents/College/miniproject/KeyGuard/backend/venv/lib/python3.9/site-packages/sklearn/ensemble/_forest.py", line 599, in _validate_X_predict
    X = self._validate_data(X, dtype=DTYPE, accept_sparse="csr", reset=False)
  File "/Users/georgy/Documents/College/miniproject/KeyGuard/backend/venv/lib/python3.9/site-packages/sklearn/base.py", line 626, in _validate_data
    self._check_n_features(X, reset=reset)
  File "/Users/georgy/Documents/College/miniproject/KeyGuard/backend/venv/lib/python3.9/site-packages/sklearn/base.py", line 415, in _check_n_features
    raise ValueError(
ValueError: X has 29 features, but RandomForestClassifier is expecting 31 features as input.
2026-03-25 13:31:48,121 - keyguard_backend - INFO - Prediction request from testuser with 5 keystrokes (test: None)
2026-03-25 13:31:48,123 - keyguard_backend - DEBUG - Extracted features: {'dwell_time': 50.0, 'flight_time': 80.0, 'key_press_rate': 6.153846153846153, 'key_release_interval': 100.0, 'typing_speed': 50.0}
2026-03-25 13:31:48,123 - keyguard_backend - DEBUG - ML Model Features - Dwells: 5, Flights: 4, Total: 9
2026-03-25 13:31:48,123 - keyguard_backend - DEBUG - Feature vector: [50.0, 50.0, 50.0, 50.0, 50.0, 100.0, 100.0, 100.0, 100.0]
2026-03-25 13:31:48,123 - keyguard_backend - DEBUG - Aggregated features: {'dwell_time': 50.0, 'flight_time': 80.0, 'key_press_rate': 6.153846153846153, 'key_release_interval': 100.0, 'typing_speed': 50.0}
2026-03-25 13:31:48,123 - keyguard_backend - DEBUG - ML model features (count=9): [50.0, 50.0, 50.0, 50.0, 50.0, 100.0, 100.0, 100.0, 100.0]
2026-03-25 13:31:48,124 - keyguard_backend - ERROR - Error during ML prediction: X has 9 features, but RandomForestClassifier is expecting 31 features as input.
Traceback (most recent call last):
  File "/Users/georgy/Documents/College/miniproject/KeyGuard/backend/tests/../routes/predict.py", line 121, in predict_intrusion
    rf_prediction = rf_model.predict(ml_features)[0]
  File "/Users/georgy/Documents/College/miniproject/KeyGuard/backend/venv/lib/python3.9/site-packages/sklearn/ensemble/_forest.py", line 823, in predict
    proba = self.predict_proba(X)
  File "/Users/georgy/Documents/College/miniproject/KeyGuard/backend/venv/lib/python3.9/site-packages/sklearn/ensemble/_forest.py", line 865, in predict_proba
    X = self._validate_X_predict(X)
  File "/Users/georgy/Documents/College/miniproject/KeyGuard/backend/venv/lib/python3.9/site-packages/sklearn/ensemble/_forest.py", line 599, in _validate_X_predict
    X = self._validate_data(X, dtype=DTYPE, accept_sparse="csr", reset=False)
  File "/Users/georgy/Documents/College/miniproject/KeyGuard/backend/venv/lib/python3.9/site-packages/sklearn/base.py", line 626, in _validate_data
    self._check_n_features(X, reset=reset)
  File "/Users/georgy/Documents/College/miniproject/KeyGuard/backend/venv/lib/python3.9/site-packages/sklearn/base.py", line 415, in _check_n_features
    raise ValueError(
ValueError: X has 9 features, but RandomForestClassifier is expecting 31 features as input.
2026-03-25 13:31:48,142 - keyguard_backend - INFO - Prediction request from nonexistent with 1 keystrokes (test: None)
2026-03-25 13:31:48,144 - keyguard_backend - WARNING - User not found: nonexistent
2026-03-25 13:31:48,144 - keyguard_backend - ERROR - HTTP Exception: 404 - User not found
2026-03-25 13:31:48,169 - keyguard_backend - INFO - Training request for testuser with 15 keystrokes (round None)
2026-03-25 13:31:48,171 - keyguard_backend - DEBUG - Extracted features: {'dwell_time': 50.0, 'flight_time': 46.666666666666664, 'key_press_rate': 9.655172413793103, 'key_release_interval': 50.0, 'typing_speed': 50.0}
2026-03-25 13:31:48,171 - keyguard_backend - DEBUG - ML Model Features - Dwells: 15, Flights: 14, Total: 29
2026-03-25 13:31:48,171 - keyguard_backend - DEBUG - Feature vector: [50.0, 50.0, 50.0, 50.0, 50.0, 50.0, 50.0, 50.0, 50.0, 50.0, 50.0, 50.0, 50.0, 50.0, 50.0, 50.0, 50.0, 50.0, 50.0, 50.0, 50.0, 50.0, 50.0, 50.0, 50.0, 50.0, 50.0, 50.0, 50.0]
2026-03-25 13:31:48,171 - keyguard_backend - INFO - Training with aggregated features: {'dwell_time': 50.0, 'flight_time': 46.666666666666664, 'key_press_rate': 9.655172413793103, 'key_release_interval': 50.0, 'typing_speed': 50.0}
2026-03-25 13:31:48,172 - keyguard_backend - INFO - Training with ML model features (count=29): [50.0, 50.0, 50.0, 50.0, 50.0, 50.0, 50.0, 50.0, 50.0, 50.0, 50.0, 50.0, 50.0, 50.0, 50.0, 50.0, 50.0, 50.0, 50.0, 50.0, 50.0, 50.0, 50.0, 50.0, 50.0, 50.0, 50.0, 50.0, 50.0]
2026-03-25 13:31:48,177 - keyguard_backend - INFO - Updated behavior profile for user testuser (round None, trained_rounds=1)
2026-03-25 13:31:48,192 - keyguard_backend - INFO - Training request for nonexistent with 1 keystrokes (round None)
2026-03-25 13:31:48,193 - keyguard_backend - WARNING - User not found: nonexistent
2026-03-25 13:31:48,193 - keyguard_backend - ERROR - HTTP Exception: 404 - User not found
